{"/home/anon/Documentos/Repositorios/brainz-quiz-backend/src/domain/entities/level.ts": {"path":"/home/anon/Documentos/Repositorios/brainz-quiz-backend/src/domain/entities/level.ts","statementMap":{"0":{"start":{"line":1,"column":0},"end":{"line":1,"column":43}},"1":{"start":{"line":2,"column":0},"end":{"line":2,"column":56}},"2":{"start":{"line":17,"column":4},"end":{"line":17,"column":18}},"3":{"start":{"line":18,"column":4},"end":{"line":18,"column":36}},"4":{"start":{"line":19,"column":4},"end":{"line":19,"column":26}},"5":{"start":{"line":20,"column":4},"end":{"line":20,"column":30}},"6":{"start":{"line":24,"column":4},"end":{"line":24,"column":18}},"7":{"start":{"line":28,"column":4},"end":{"line":28,"column":20}},"8":{"start":{"line":32,"column":4},"end":{"line":32,"column":36}},"9":{"start":{"line":36,"column":4},"end":{"line":36,"column":29}},"10":{"start":{"line":40,"column":4},"end":{"line":40,"column":26}},"11":{"start":{"line":44,"column":4},"end":{"line":44,"column":24}},"12":{"start":{"line":48,"column":4},"end":{"line":48,"column":30}},"13":{"start":{"line":52,"column":4},"end":{"line":52,"column":26}},"14":{"start":{"line":56,"column":4},"end":{"line":61,"column":6}},"15":{"start":{"line":5,"column":0},"end":{"line":5,"column":13}},"16":{"start":{"line":7,"column":10},"end":{"line":7,"column":null}},"17":{"start":{"line":10,"column":10},"end":{"line":10,"column":null}}},"fnMap":{"0":{"name":"(anonymous_2)","decl":{"start":{"line":16,"column":2},"end":{"line":16,"column":14}},"loc":{"start":{"line":16,"column":59},"end":{"line":21,"column":3}}},"1":{"name":"(anonymous_3)","decl":{"start":{"line":23,"column":2},"end":{"line":23,"column":6}},"loc":{"start":{"line":23,"column":19},"end":{"line":25,"column":3}}},"2":{"name":"(anonymous_4)","decl":{"start":{"line":27,"column":2},"end":{"line":27,"column":6}},"loc":{"start":{"line":27,"column":8},"end":{"line":29,"column":3}}},"3":{"name":"(anonymous_5)","decl":{"start":{"line":31,"column":2},"end":{"line":31,"column":6}},"loc":{"start":{"line":31,"column":37},"end":{"line":33,"column":3}}},"4":{"name":"(anonymous_6)","decl":{"start":{"line":35,"column":2},"end":{"line":35,"column":6}},"loc":{"start":{"line":35,"column":17},"end":{"line":37,"column":3}}},"5":{"name":"(anonymous_7)","decl":{"start":{"line":39,"column":2},"end":{"line":39,"column":6}},"loc":{"start":{"line":39,"column":27},"end":{"line":41,"column":3}}},"6":{"name":"(anonymous_8)","decl":{"start":{"line":43,"column":2},"end":{"line":43,"column":6}},"loc":{"start":{"line":43,"column":12},"end":{"line":45,"column":3}}},"7":{"name":"(anonymous_9)","decl":{"start":{"line":47,"column":2},"end":{"line":47,"column":6}},"loc":{"start":{"line":47,"column":32},"end":{"line":49,"column":3}}},"8":{"name":"(anonymous_10)","decl":{"start":{"line":51,"column":2},"end":{"line":51,"column":6}},"loc":{"start":{"line":51,"column":14},"end":{"line":53,"column":3}}},"9":{"name":"(anonymous_11)","decl":{"start":{"line":55,"column":2},"end":{"line":55,"column":6}},"loc":{"start":{"line":55,"column":10},"end":{"line":62,"column":3}}}},"branchMap":{},"s":{"0":12,"1":12,"2":14,"3":13,"4":12,"5":12,"6":1,"7":15,"8":1,"9":15,"10":1,"11":15,"12":1,"13":15,"14":13,"15":12,"16":12,"17":12},"f":{"0":14,"1":1,"2":15,"3":1,"4":15,"5":1,"6":15,"7":1,"8":15,"9":13},"b":{}}
,"/home/anon/Documentos/Repositorios/brainz-quiz-backend/src/domain/entities/option.ts": {"path":"/home/anon/Documentos/Repositorios/brainz-quiz-backend/src/domain/entities/option.ts","statementMap":{"0":{"start":{"line":1,"column":0},"end":{"line":1,"column":43}},"1":{"start":{"line":2,"column":0},"end":{"line":2,"column":56}},"2":{"start":{"line":17,"column":4},"end":{"line":17,"column":18}},"3":{"start":{"line":18,"column":4},"end":{"line":18,"column":34}},"4":{"start":{"line":19,"column":4},"end":{"line":19,"column":36}},"5":{"start":{"line":20,"column":4},"end":{"line":20,"column":32}},"6":{"start":{"line":24,"column":4},"end":{"line":24,"column":20}},"7":{"start":{"line":28,"column":4},"end":{"line":28,"column":21}},"8":{"start":{"line":32,"column":4},"end":{"line":32,"column":28}},"9":{"start":{"line":36,"column":4},"end":{"line":36,"column":29}},"10":{"start":{"line":40,"column":4},"end":{"line":40,"column":29}},"11":{"start":{"line":44,"column":4},"end":{"line":44,"column":30}},"12":{"start":{"line":48,"column":4},"end":{"line":48,"column":27}},"13":{"start":{"line":52,"column":4},"end":{"line":52,"column":28}},"14":{"start":{"line":56,"column":4},"end":{"line":61,"column":6}},"15":{"start":{"line":5,"column":0},"end":{"line":5,"column":13}},"16":{"start":{"line":7,"column":10},"end":{"line":7,"column":null}},"17":{"start":{"line":10,"column":10},"end":{"line":10,"column":null}},"18":{"start":{"line":13,"column":10},"end":{"line":13,"column":null}}},"fnMap":{"0":{"name":"(anonymous_2)","decl":{"start":{"line":16,"column":2},"end":{"line":16,"column":14}},"loc":{"start":{"line":16,"column":65},"end":{"line":21,"column":3}}},"1":{"name":"(anonymous_3)","decl":{"start":{"line":23,"column":2},"end":{"line":23,"column":6}},"loc":{"start":{"line":23,"column":8},"end":{"line":25,"column":3}}},"2":{"name":"(anonymous_4)","decl":{"start":{"line":27,"column":2},"end":{"line":27,"column":6}},"loc":{"start":{"line":27,"column":22},"end":{"line":29,"column":3}}},"3":{"name":"(anonymous_5)","decl":{"start":{"line":31,"column":2},"end":{"line":31,"column":6}},"loc":{"start":{"line":31,"column":16},"end":{"line":33,"column":3}}},"4":{"name":"(anonymous_6)","decl":{"start":{"line":35,"column":2},"end":{"line":35,"column":6}},"loc":{"start":{"line":35,"column":30},"end":{"line":37,"column":3}}},"5":{"name":"(anonymous_7)","decl":{"start":{"line":39,"column":2},"end":{"line":39,"column":6}},"loc":{"start":{"line":39,"column":17},"end":{"line":41,"column":3}}},"6":{"name":"(anonymous_8)","decl":{"start":{"line":43,"column":2},"end":{"line":43,"column":6}},"loc":{"start":{"line":43,"column":31},"end":{"line":45,"column":3}}},"7":{"name":"(anonymous_9)","decl":{"start":{"line":47,"column":2},"end":{"line":47,"column":6}},"loc":{"start":{"line":47,"column":15},"end":{"line":49,"column":3}}},"8":{"name":"(anonymous_10)","decl":{"start":{"line":51,"column":2},"end":{"line":51,"column":6}},"loc":{"start":{"line":51,"column":30},"end":{"line":53,"column":3}}},"9":{"name":"(anonymous_11)","decl":{"start":{"line":55,"column":2},"end":{"line":55,"column":6}},"loc":{"start":{"line":55,"column":10},"end":{"line":62,"column":3}}}},"branchMap":{},"s":{"0":6,"1":6,"2":11,"3":10,"4":9,"5":7,"6":8,"7":1,"8":8,"9":1,"10":7,"11":1,"12":8,"13":1,"14":6,"15":6,"16":6,"17":6,"18":6},"f":{"0":11,"1":8,"2":1,"3":8,"4":1,"5":7,"6":1,"7":8,"8":1,"9":6},"b":{}}
,"/home/anon/Documentos/Repositorios/brainz-quiz-backend/src/domain/entities/profile.ts": {"path":"/home/anon/Documentos/Repositorios/brainz-quiz-backend/src/domain/entities/profile.ts","statementMap":{"0":{"start":{"line":1,"column":0},"end":{"line":1,"column":43}},"1":{"start":{"line":2,"column":0},"end":{"line":2,"column":56}},"2":{"start":{"line":18,"column":4},"end":{"line":18,"column":18}},"3":{"start":{"line":19,"column":4},"end":{"line":19,"column":26}},"4":{"start":{"line":20,"column":4},"end":{"line":20,"column":22}},"5":{"start":{"line":21,"column":4},"end":{"line":21,"column":24}},"6":{"start":{"line":25,"column":4},"end":{"line":25,"column":20}},"7":{"start":{"line":29,"column":4},"end":{"line":29,"column":18}},"8":{"start":{"line":33,"column":4},"end":{"line":33,"column":24}},"9":{"start":{"line":37,"column":4},"end":{"line":37,"column":26}},"10":{"start":{"line":41,"column":4},"end":{"line":41,"column":22}},"11":{"start":{"line":45,"column":4},"end":{"line":45,"column":22}},"12":{"start":{"line":49,"column":4},"end":{"line":49,"column":23}},"13":{"start":{"line":53,"column":4},"end":{"line":53,"column":24}},"14":{"start":{"line":57,"column":4},"end":{"line":62,"column":6}},"15":{"start":{"line":5,"column":0},"end":{"line":5,"column":13}},"16":{"start":{"line":7,"column":10},"end":{"line":7,"column":null}},"17":{"start":{"line":10,"column":10},"end":{"line":10,"column":null}},"18":{"start":{"line":13,"column":10},"end":{"line":13,"column":null}}},"fnMap":{"0":{"name":"(anonymous_2)","decl":{"start":{"line":17,"column":2},"end":{"line":17,"column":14}},"loc":{"start":{"line":17,"column":51},"end":{"line":22,"column":3}}},"1":{"name":"(anonymous_3)","decl":{"start":{"line":24,"column":2},"end":{"line":24,"column":6}},"loc":{"start":{"line":24,"column":8},"end":{"line":26,"column":3}}},"2":{"name":"(anonymous_4)","decl":{"start":{"line":28,"column":2},"end":{"line":28,"column":6}},"loc":{"start":{"line":28,"column":19},"end":{"line":30,"column":3}}},"3":{"name":"(anonymous_5)","decl":{"start":{"line":32,"column":2},"end":{"line":32,"column":6}},"loc":{"start":{"line":32,"column":12},"end":{"line":34,"column":3}}},"4":{"name":"(anonymous_6)","decl":{"start":{"line":36,"column":2},"end":{"line":36,"column":6}},"loc":{"start":{"line":36,"column":27},"end":{"line":38,"column":3}}},"5":{"name":"(anonymous_7)","decl":{"start":{"line":40,"column":2},"end":{"line":40,"column":6}},"loc":{"start":{"line":40,"column":10},"end":{"line":42,"column":3}}},"6":{"name":"(anonymous_8)","decl":{"start":{"line":44,"column":2},"end":{"line":44,"column":6}},"loc":{"start":{"line":44,"column":23},"end":{"line":46,"column":3}}},"7":{"name":"(anonymous_9)","decl":{"start":{"line":48,"column":2},"end":{"line":48,"column":6}},"loc":{"start":{"line":48,"column":11},"end":{"line":50,"column":3}}},"8":{"name":"(anonymous_10)","decl":{"start":{"line":52,"column":2},"end":{"line":52,"column":6}},"loc":{"start":{"line":52,"column":25},"end":{"line":54,"column":3}}},"9":{"name":"(anonymous_11)","decl":{"start":{"line":56,"column":2},"end":{"line":56,"column":6}},"loc":{"start":{"line":56,"column":10},"end":{"line":63,"column":3}}}},"branchMap":{},"s":{"0":6,"1":6,"2":7,"3":6,"4":6,"5":5,"6":6,"7":1,"8":6,"9":1,"10":6,"11":1,"12":6,"13":1,"14":5,"15":6,"16":6,"17":6,"18":6},"f":{"0":7,"1":6,"2":1,"3":6,"4":1,"5":6,"6":1,"7":6,"8":1,"9":5},"b":{}}
,"/home/anon/Documentos/Repositorios/brainz-quiz-backend/src/domain/entities/question.ts": {"path":"/home/anon/Documentos/Repositorios/brainz-quiz-backend/src/domain/entities/question.ts","statementMap":{"0":{"start":{"line":1,"column":0},"end":{"line":1,"column":43}},"1":{"start":{"line":2,"column":0},"end":{"line":2,"column":56}},"2":{"start":{"line":4,"column":0},"end":{"line":4,"column":36}},"3":{"start":{"line":5,"column":0},"end":{"line":5,"column":32}},"4":{"start":{"line":21,"column":4},"end":{"line":21,"column":18}},"5":{"start":{"line":22,"column":4},"end":{"line":22,"column":36}},"6":{"start":{"line":23,"column":4},"end":{"line":23,"column":35}},"7":{"start":{"line":24,"column":4},"end":{"line":24,"column":41}},"8":{"start":{"line":28,"column":4},"end":{"line":28,"column":20}},"9":{"start":{"line":32,"column":4},"end":{"line":32,"column":21}},"10":{"start":{"line":36,"column":4},"end":{"line":36,"column":29}},"11":{"start":{"line":40,"column":4},"end":{"line":40,"column":30}},"12":{"start":{"line":44,"column":4},"end":{"line":44,"column":28}},"13":{"start":{"line":48,"column":4},"end":{"line":48,"column":35}},"14":{"start":{"line":52,"column":4},"end":{"line":52,"column":30}},"15":{"start":{"line":56,"column":4},"end":{"line":56,"column":39}},"16":{"start":{"line":60,"column":4},"end":{"line":65,"column":6}},"17":{"start":{"line":9,"column":0},"end":{"line":9,"column":13}},"18":{"start":{"line":11,"column":10},"end":{"line":11,"column":null}},"19":{"start":{"line":14,"column":10},"end":{"line":14,"column":null}}},"fnMap":{"0":{"name":"(anonymous_2)","decl":{"start":{"line":20,"column":2},"end":{"line":20,"column":14}},"loc":{"start":{"line":20,"column":60},"end":{"line":25,"column":3}}},"1":{"name":"(anonymous_3)","decl":{"start":{"line":27,"column":2},"end":{"line":27,"column":6}},"loc":{"start":{"line":27,"column":8},"end":{"line":29,"column":3}}},"2":{"name":"(anonymous_4)","decl":{"start":{"line":31,"column":2},"end":{"line":31,"column":6}},"loc":{"start":{"line":31,"column":22},"end":{"line":33,"column":3}}},"3":{"name":"(anonymous_5)","decl":{"start":{"line":35,"column":2},"end":{"line":35,"column":6}},"loc":{"start":{"line":35,"column":17},"end":{"line":37,"column":3}}},"4":{"name":"(anonymous_6)","decl":{"start":{"line":39,"column":2},"end":{"line":39,"column":6}},"loc":{"start":{"line":39,"column":31},"end":{"line":41,"column":3}}},"5":{"name":"(anonymous_7)","decl":{"start":{"line":43,"column":2},"end":{"line":43,"column":6}},"loc":{"start":{"line":43,"column":11},"end":{"line":45,"column":3}}},"6":{"name":"(anonymous_8)","decl":{"start":{"line":47,"column":2},"end":{"line":47,"column":6}},"loc":{"start":{"line":47,"column":25},"end":{"line":49,"column":3}}},"7":{"name":"(anonymous_9)","decl":{"start":{"line":51,"column":2},"end":{"line":51,"column":6}},"loc":{"start":{"line":51,"column":13},"end":{"line":53,"column":3}}},"8":{"name":"(anonymous_10)","decl":{"start":{"line":55,"column":2},"end":{"line":55,"column":6}},"loc":{"start":{"line":55,"column":29},"end":{"line":57,"column":3}}},"9":{"name":"(anonymous_11)","decl":{"start":{"line":59,"column":2},"end":{"line":59,"column":6}},"loc":{"start":{"line":59,"column":10},"end":{"line":66,"column":3}}}},"branchMap":{},"s":{"0":7,"1":7,"2":7,"3":7,"4":7,"5":6,"6":5,"7":5,"8":7,"9":1,"10":7,"11":1,"12":7,"13":1,"14":7,"15":1,"16":5,"17":7,"18":7,"19":7},"f":{"0":7,"1":7,"2":1,"3":7,"4":1,"5":7,"6":1,"7":7,"8":1,"9":5},"b":{}}
,"/home/anon/Documentos/Repositorios/brainz-quiz-backend/src/domain/entities/subject.ts": {"path":"/home/anon/Documentos/Repositorios/brainz-quiz-backend/src/domain/entities/subject.ts","statementMap":{"0":{"start":{"line":1,"column":0},"end":{"line":1,"column":43}},"1":{"start":{"line":2,"column":0},"end":{"line":2,"column":56}},"2":{"start":{"line":15,"column":4},"end":{"line":15,"column":18}},"3":{"start":{"line":16,"column":4},"end":{"line":16,"column":36}},"4":{"start":{"line":17,"column":4},"end":{"line":17,"column":30}},"5":{"start":{"line":21,"column":4},"end":{"line":21,"column":18}},"6":{"start":{"line":25,"column":4},"end":{"line":25,"column":20}},"7":{"start":{"line":29,"column":4},"end":{"line":29,"column":36}},"8":{"start":{"line":33,"column":4},"end":{"line":33,"column":29}},"9":{"start":{"line":37,"column":4},"end":{"line":37,"column":30}},"10":{"start":{"line":41,"column":4},"end":{"line":41,"column":26}},"11":{"start":{"line":45,"column":4},"end":{"line":49,"column":6}},"12":{"start":{"line":5,"column":0},"end":{"line":5,"column":13}},"13":{"start":{"line":7,"column":10},"end":{"line":7,"column":null}},"14":{"start":{"line":10,"column":10},"end":{"line":10,"column":null}}},"fnMap":{"0":{"name":"(anonymous_2)","decl":{"start":{"line":14,"column":2},"end":{"line":14,"column":14}},"loc":{"start":{"line":14,"column":53},"end":{"line":18,"column":3}}},"1":{"name":"(anonymous_3)","decl":{"start":{"line":20,"column":2},"end":{"line":20,"column":6}},"loc":{"start":{"line":20,"column":19},"end":{"line":22,"column":3}}},"2":{"name":"(anonymous_4)","decl":{"start":{"line":24,"column":2},"end":{"line":24,"column":6}},"loc":{"start":{"line":24,"column":8},"end":{"line":26,"column":3}}},"3":{"name":"(anonymous_5)","decl":{"start":{"line":28,"column":2},"end":{"line":28,"column":6}},"loc":{"start":{"line":28,"column":37},"end":{"line":30,"column":3}}},"4":{"name":"(anonymous_6)","decl":{"start":{"line":32,"column":2},"end":{"line":32,"column":6}},"loc":{"start":{"line":32,"column":17},"end":{"line":34,"column":3}}},"5":{"name":"(anonymous_7)","decl":{"start":{"line":36,"column":2},"end":{"line":36,"column":6}},"loc":{"start":{"line":36,"column":32},"end":{"line":38,"column":3}}},"6":{"name":"(anonymous_8)","decl":{"start":{"line":40,"column":2},"end":{"line":40,"column":6}},"loc":{"start":{"line":40,"column":14},"end":{"line":42,"column":3}}},"7":{"name":"(anonymous_9)","decl":{"start":{"line":44,"column":2},"end":{"line":44,"column":6}},"loc":{"start":{"line":44,"column":10},"end":{"line":50,"column":3}}}},"branchMap":{},"s":{"0":12,"1":12,"2":14,"3":13,"4":12,"5":1,"6":15,"7":1,"8":15,"9":1,"10":15,"11":13,"12":12,"13":12,"14":12},"f":{"0":14,"1":1,"2":15,"3":1,"4":15,"5":1,"6":15,"7":13},"b":{}}
,"/home/anon/Documentos/Repositorios/brainz-quiz-backend/src/domain/entities/user.ts": {"path":"/home/anon/Documentos/Repositorios/brainz-quiz-backend/src/domain/entities/user.ts","statementMap":{"0":{"start":{"line":1,"column":0},"end":{"line":1,"column":59}},"1":{"start":{"line":2,"column":0},"end":{"line":2,"column":66}},"2":{"start":{"line":3,"column":0},"end":{"line":3,"column":62}},"3":{"start":{"line":4,"column":0},"end":{"line":4,"column":57}},"4":{"start":{"line":7,"column":0},"end":{"line":7,"column":null}},"5":{"start":{"line":8,"column":2},"end":{"line":8,"column":null}},"6":{"start":{"line":9,"column":2},"end":{"line":9,"column":null}},"7":{"start":{"line":10,"column":2},"end":{"line":10,"column":null}},"8":{"start":{"line":27,"column":4},"end":{"line":27,"column":18}},"9":{"start":{"line":28,"column":4},"end":{"line":28,"column":24}},"10":{"start":{"line":29,"column":4},"end":{"line":29,"column":30}},"11":{"start":{"line":30,"column":4},"end":{"line":30,"column":22}},"12":{"start":{"line":34,"column":4},"end":{"line":34,"column":18}},"13":{"start":{"line":38,"column":4},"end":{"line":38,"column":20}},"14":{"start":{"line":42,"column":4},"end":{"line":42,"column":24}},"15":{"start":{"line":46,"column":4},"end":{"line":46,"column":23}},"16":{"start":{"line":50,"column":4},"end":{"line":50,"column":30}},"17":{"start":{"line":54,"column":4},"end":{"line":54,"column":26}},"18":{"start":{"line":58,"column":4},"end":{"line":58,"column":22}},"19":{"start":{"line":62,"column":4},"end":{"line":62,"column":22}},"20":{"start":{"line":66,"column":4},"end":{"line":71,"column":6}},"21":{"start":{"line":75,"column":4},"end":{"line":79,"column":6}},"22":{"start":{"line":13,"column":0},"end":{"line":13,"column":13}},"23":{"start":{"line":15,"column":10},"end":{"line":15,"column":null}},"24":{"start":{"line":18,"column":10},"end":{"line":18,"column":null}},"25":{"start":{"line":21,"column":10},"end":{"line":21,"column":null}},"26":{"start":{"line":24,"column":10},"end":{"line":24,"column":null}}},"fnMap":{"0":{"name":"(anonymous_2)","decl":{"start":{"line":7,"column":0},"end":{"line":7,"column":12}},"loc":{"start":{"line":7,"column":20},"end":{"line":11,"column":1}}},"1":{"name":"(anonymous_3)","decl":{"start":{"line":26,"column":2},"end":{"line":26,"column":21}},"loc":{"start":{"line":26,"column":57},"end":{"line":31,"column":3}}},"2":{"name":"(anonymous_4)","decl":{"start":{"line":33,"column":2},"end":{"line":33,"column":6}},"loc":{"start":{"line":33,"column":19},"end":{"line":35,"column":3}}},"3":{"name":"(anonymous_5)","decl":{"start":{"line":37,"column":2},"end":{"line":37,"column":6}},"loc":{"start":{"line":37,"column":8},"end":{"line":39,"column":3}}},"4":{"name":"(anonymous_6)","decl":{"start":{"line":41,"column":2},"end":{"line":41,"column":6}},"loc":{"start":{"line":41,"column":25},"end":{"line":43,"column":3}}},"5":{"name":"(anonymous_7)","decl":{"start":{"line":45,"column":2},"end":{"line":45,"column":6}},"loc":{"start":{"line":45,"column":11},"end":{"line":47,"column":3}}},"6":{"name":"(anonymous_8)","decl":{"start":{"line":49,"column":2},"end":{"line":49,"column":6}},"loc":{"start":{"line":49,"column":31},"end":{"line":51,"column":3}}},"7":{"name":"(anonymous_9)","decl":{"start":{"line":53,"column":2},"end":{"line":53,"column":6}},"loc":{"start":{"line":53,"column":14},"end":{"line":55,"column":3}}},"8":{"name":"(anonymous_10)","decl":{"start":{"line":57,"column":2},"end":{"line":57,"column":6}},"loc":{"start":{"line":57,"column":23},"end":{"line":59,"column":3}}},"9":{"name":"(anonymous_11)","decl":{"start":{"line":61,"column":2},"end":{"line":61,"column":6}},"loc":{"start":{"line":61,"column":10},"end":{"line":63,"column":3}}},"10":{"name":"(anonymous_12)","decl":{"start":{"line":65,"column":2},"end":{"line":65,"column":6}},"loc":{"start":{"line":65,"column":10},"end":{"line":72,"column":3}}},"11":{"name":"(anonymous_13)","decl":{"start":{"line":74,"column":2},"end":{"line":74,"column":6}},"loc":{"start":{"line":74,"column":16},"end":{"line":80,"column":3}}}},"branchMap":{"0":{"loc":{"start":{"line":7,"column":12},"end":{"line":7,"column":null}},"type":"binary-expr","locations":[{"start":{"line":7,"column":12},"end":{"line":7,"column":20}},{"start":{"line":7,"column":20},"end":{"line":7,"column":null}}]}},"s":{"0":18,"1":18,"2":18,"3":18,"4":18,"5":18,"6":18,"7":18,"8":13,"9":11,"10":10,"11":9,"12":1,"13":10,"14":1,"15":10,"16":3,"17":6,"18":3,"19":10,"20":4,"21":4,"22":18,"23":18,"24":18,"25":18,"26":18},"f":{"0":18,"1":13,"2":1,"3":10,"4":1,"5":10,"6":3,"7":6,"8":3,"9":10,"10":4,"11":4},"b":{"0":[18,18]}}
,"/home/anon/Documentos/Repositorios/brainz-quiz-backend/src/domain/interfaces/controllers/levelControllers.ts": {"path":"/home/anon/Documentos/Repositorios/brainz-quiz-backend/src/domain/interfaces/controllers/levelControllers.ts","statementMap":{"0":{"start":{"line":1,"column":0},"end":{"line":1,"column":79}},"1":{"start":{"line":15,"column":4},"end":{"line":15,"column":12}},"2":{"start":{"line":14,"column":22},"end":{"line":14,"column":51}},"3":{"start":{"line":19,"column":4},"end":{"line":29,"column":5}},"4":{"start":{"line":20,"column":19},"end":{"line":20,"column":68}},"5":{"start":{"line":21,"column":30},"end":{"line":24,"column":8}},"6":{"start":{"line":25,"column":21},"end":{"line":25,"column":69}},"7":{"start":{"line":26,"column":6},"end":{"line":26,"column":58}},"8":{"start":{"line":28,"column":6},"end":{"line":28,"column":55}},"9":{"start":{"line":32,"column":4},"end":{"line":44,"column":5}},"10":{"start":{"line":33,"column":19},"end":{"line":33,"column":58}},"11":{"start":{"line":34,"column":30},"end":{"line":39,"column":8}},"12":{"start":{"line":40,"column":21},"end":{"line":40,"column":69}},"13":{"start":{"line":41,"column":6},"end":{"line":41,"column":58}},"14":{"start":{"line":43,"column":6},"end":{"line":43,"column":55}},"15":{"start":{"line":47,"column":4},"end":{"line":54,"column":5}},"16":{"start":{"line":48,"column":18},"end":{"line":48,"column":70}},"17":{"start":{"line":49,"column":27},"end":{"line":49,"column":33}},"18":{"start":{"line":50,"column":21},"end":{"line":50,"column":68}},"19":{"start":{"line":51,"column":6},"end":{"line":51,"column":58}},"20":{"start":{"line":53,"column":6},"end":{"line":53,"column":55}},"21":{"start":{"line":57,"column":4},"end":{"line":71,"column":5}},"22":{"start":{"line":58,"column":20},"end":{"line":58,"column":58}},"23":{"start":{"line":59,"column":32},"end":{"line":64,"column":29}},"24":{"start":{"line":66,"column":21},"end":{"line":66,"column":72}},"25":{"start":{"line":68,"column":6},"end":{"line":68,"column":58}},"26":{"start":{"line":70,"column":6},"end":{"line":70,"column":55}},"27":{"start":{"line":13,"column":0},"end":{"line":13,"column":13}}},"fnMap":{"0":{"name":"(anonymous_0)","decl":{"start":{"line":14,"column":2},"end":{"line":14,"column":22}},"loc":{"start":{"line":14,"column":51},"end":{"line":16,"column":3}}},"1":{"name":"(anonymous_1)","decl":{"start":{"line":18,"column":9},"end":{"line":18,"column":14}},"loc":{"start":{"line":18,"column":47},"end":{"line":30,"column":3}}},"2":{"name":"(anonymous_2)","decl":{"start":{"line":31,"column":9},"end":{"line":31,"column":14}},"loc":{"start":{"line":31,"column":47},"end":{"line":45,"column":3}}},"3":{"name":"(anonymous_3)","decl":{"start":{"line":46,"column":9},"end":{"line":46,"column":14}},"loc":{"start":{"line":46,"column":49},"end":{"line":55,"column":3}}},"4":{"name":"(anonymous_4)","decl":{"start":{"line":56,"column":9},"end":{"line":56,"column":14}},"loc":{"start":{"line":56,"column":48},"end":{"line":72,"column":3}}}},"branchMap":{"0":{"loc":{"start":{"line":22,"column":21},"end":{"line":22,"column":43}},"type":"binary-expr","locations":[{"start":{"line":22,"column":21},"end":{"line":22,"column":37}},{"start":{"line":22,"column":41},"end":{"line":22,"column":43}}]},"1":{"loc":{"start":{"line":23,"column":16},"end":{"line":23,"column":32}},"type":"binary-expr","locations":[{"start":{"line":23,"column":16},"end":{"line":23,"column":27}},{"start":{"line":23,"column":31},"end":{"line":23,"column":32}}]},"2":{"loc":{"start":{"line":35,"column":12},"end":{"line":35,"column":25}},"type":"binary-expr","locations":[{"start":{"line":35,"column":12},"end":{"line":35,"column":19}},{"start":{"line":35,"column":23},"end":{"line":35,"column":25}}]},"3":{"loc":{"start":{"line":36,"column":21},"end":{"line":36,"column":43}},"type":"binary-expr","locations":[{"start":{"line":36,"column":21},"end":{"line":36,"column":37}},{"start":{"line":36,"column":41},"end":{"line":36,"column":43}}]},"4":{"loc":{"start":{"line":37,"column":16},"end":{"line":37,"column":32}},"type":"binary-expr","locations":[{"start":{"line":37,"column":16},"end":{"line":37,"column":27}},{"start":{"line":37,"column":31},"end":{"line":37,"column":32}}]},"5":{"loc":{"start":{"line":38,"column":18},"end":{"line":38,"column":39}},"type":"binary-expr","locations":[{"start":{"line":38,"column":18},"end":{"line":38,"column":31}},{"start":{"line":38,"column":35},"end":{"line":38,"column":39}}]},"6":{"loc":{"start":{"line":48,"column":18},"end":{"line":48,"column":70}},"type":"binary-expr","locations":[{"start":{"line":48,"column":18},"end":{"line":48,"column":64}},{"start":{"line":48,"column":68},"end":{"line":48,"column":70}}]},"7":{"loc":{"start":{"line":58,"column":20},"end":{"line":58,"column":58}},"type":"binary-expr","locations":[{"start":{"line":58,"column":20},"end":{"line":58,"column":50}},{"start":{"line":58,"column":54},"end":{"line":58,"column":58}}]},"8":{"loc":{"start":{"line":60,"column":14},"end":{"line":60,"column":30}},"type":"binary-expr","locations":[{"start":{"line":60,"column":14},"end":{"line":60,"column":25}},{"start":{"line":60,"column":29},"end":{"line":60,"column":30}}]},"9":{"loc":{"start":{"line":61,"column":14},"end":{"line":61,"column":30}},"type":"binary-expr","locations":[{"start":{"line":61,"column":14},"end":{"line":61,"column":25}},{"start":{"line":61,"column":29},"end":{"line":61,"column":30}}]},"10":{"loc":{"start":{"line":62,"column":15},"end":{"line":62,"column":33}},"type":"binary-expr","locations":[{"start":{"line":62,"column":15},"end":{"line":62,"column":27}},{"start":{"line":62,"column":31},"end":{"line":62,"column":33}}]},"11":{"loc":{"start":{"line":63,"column":18},"end":{"line":63,"column":41}},"type":"binary-expr","locations":[{"start":{"line":63,"column":18},"end":{"line":63,"column":33}},{"start":{"line":63,"column":37},"end":{"line":63,"column":41}}]}},"s":{"0":4,"1":4,"2":4,"3":3,"4":3,"5":3,"6":3,"7":2,"8":1,"9":3,"10":3,"11":3,"12":3,"13":2,"14":1,"15":3,"16":3,"17":3,"18":3,"19":2,"20":1,"21":3,"22":3,"23":3,"24":3,"25":2,"26":1,"27":4},"f":{"0":4,"1":3,"2":3,"3":3,"4":3},"b":{"0":[3,1],"1":[3,1],"2":[3,1],"3":[3,1],"4":[3,1],"5":[3,1],"6":[3,2],"7":[3,1],"8":[3,1],"9":[3,1],"10":[3,1],"11":[3,1]}}
,"/home/anon/Documentos/Repositorios/brainz-quiz-backend/src/domain/interfaces/controllers/profileControllers.ts": {"path":"/home/anon/Documentos/Repositorios/brainz-quiz-backend/src/domain/interfaces/controllers/profileControllers.ts","statementMap":{"0":{"start":{"line":1,"column":0},"end":{"line":1,"column":79}},"1":{"start":{"line":16,"column":4},"end":{"line":16,"column":12}},"2":{"start":{"line":15,"column":22},"end":{"line":15,"column":55}},"3":{"start":{"line":19,"column":4},"end":{"line":30,"column":5}},"4":{"start":{"line":20,"column":19},"end":{"line":20,"column":70}},"5":{"start":{"line":21,"column":32},"end":{"line":25,"column":8}},"6":{"start":{"line":26,"column":21},"end":{"line":26,"column":73}},"7":{"start":{"line":27,"column":6},"end":{"line":27,"column":58}},"8":{"start":{"line":29,"column":6},"end":{"line":29,"column":55}},"9":{"start":{"line":33,"column":4},"end":{"line":45,"column":5}},"10":{"start":{"line":34,"column":19},"end":{"line":34,"column":60}},"11":{"start":{"line":35,"column":26},"end":{"line":40,"column":8}},"12":{"start":{"line":41,"column":21},"end":{"line":41,"column":67}},"13":{"start":{"line":42,"column":6},"end":{"line":42,"column":58}},"14":{"start":{"line":44,"column":6},"end":{"line":44,"column":55}},"15":{"start":{"line":48,"column":4},"end":{"line":61,"column":5}},"16":{"start":{"line":49,"column":20},"end":{"line":49,"column":58}},"17":{"start":{"line":50,"column":32},"end":{"line":54,"column":32}},"18":{"start":{"line":56,"column":21},"end":{"line":56,"column":74}},"19":{"start":{"line":58,"column":6},"end":{"line":58,"column":58}},"20":{"start":{"line":60,"column":6},"end":{"line":60,"column":55}},"21":{"start":{"line":64,"column":4},"end":{"line":71,"column":5}},"22":{"start":{"line":65,"column":18},"end":{"line":65,"column":70}},"23":{"start":{"line":66,"column":27},"end":{"line":66,"column":33}},"24":{"start":{"line":67,"column":21},"end":{"line":67,"column":70}},"25":{"start":{"line":68,"column":6},"end":{"line":68,"column":58}},"26":{"start":{"line":70,"column":6},"end":{"line":70,"column":55}},"27":{"start":{"line":74,"column":4},"end":{"line":81,"column":5}},"28":{"start":{"line":75,"column":22},"end":{"line":75,"column":78}},"29":{"start":{"line":76,"column":38},"end":{"line":76,"column":48}},"30":{"start":{"line":77,"column":21},"end":{"line":77,"column":92}},"31":{"start":{"line":78,"column":6},"end":{"line":78,"column":58}},"32":{"start":{"line":80,"column":6},"end":{"line":80,"column":55}},"33":{"start":{"line":14,"column":0},"end":{"line":14,"column":13}}},"fnMap":{"0":{"name":"(anonymous_0)","decl":{"start":{"line":15,"column":2},"end":{"line":15,"column":22}},"loc":{"start":{"line":15,"column":55},"end":{"line":17,"column":3}}},"1":{"name":"(anonymous_1)","decl":{"start":{"line":18,"column":9},"end":{"line":18,"column":14}},"loc":{"start":{"line":18,"column":47},"end":{"line":31,"column":3}}},"2":{"name":"(anonymous_2)","decl":{"start":{"line":32,"column":9},"end":{"line":32,"column":14}},"loc":{"start":{"line":32,"column":47},"end":{"line":46,"column":3}}},"3":{"name":"(anonymous_3)","decl":{"start":{"line":47,"column":9},"end":{"line":47,"column":14}},"loc":{"start":{"line":47,"column":48},"end":{"line":62,"column":3}}},"4":{"name":"(anonymous_4)","decl":{"start":{"line":63,"column":9},"end":{"line":63,"column":14}},"loc":{"start":{"line":63,"column":49},"end":{"line":72,"column":3}}},"5":{"name":"(anonymous_5)","decl":{"start":{"line":73,"column":9},"end":{"line":73,"column":14}},"loc":{"start":{"line":73,"column":60},"end":{"line":82,"column":3}}}},"branchMap":{"0":{"loc":{"start":{"line":22,"column":16},"end":{"line":22,"column":33}},"type":"binary-expr","locations":[{"start":{"line":22,"column":16},"end":{"line":22,"column":27}},{"start":{"line":22,"column":31},"end":{"line":22,"column":33}}]},"1":{"loc":{"start":{"line":23,"column":14},"end":{"line":23,"column":29}},"type":"binary-expr","locations":[{"start":{"line":23,"column":14},"end":{"line":23,"column":23}},{"start":{"line":23,"column":27},"end":{"line":23,"column":29}}]},"2":{"loc":{"start":{"line":24,"column":15},"end":{"line":24,"column":30}},"type":"binary-expr","locations":[{"start":{"line":24,"column":15},"end":{"line":24,"column":25}},{"start":{"line":24,"column":29},"end":{"line":24,"column":30}}]},"3":{"loc":{"start":{"line":36,"column":12},"end":{"line":36,"column":25}},"type":"binary-expr","locations":[{"start":{"line":36,"column":12},"end":{"line":36,"column":19}},{"start":{"line":36,"column":23},"end":{"line":36,"column":25}}]},"4":{"loc":{"start":{"line":37,"column":16},"end":{"line":37,"column":33}},"type":"binary-expr","locations":[{"start":{"line":37,"column":16},"end":{"line":37,"column":27}},{"start":{"line":37,"column":31},"end":{"line":37,"column":33}}]},"5":{"loc":{"start":{"line":38,"column":14},"end":{"line":38,"column":29}},"type":"binary-expr","locations":[{"start":{"line":38,"column":14},"end":{"line":38,"column":23}},{"start":{"line":38,"column":27},"end":{"line":38,"column":29}}]},"6":{"loc":{"start":{"line":39,"column":15},"end":{"line":39,"column":30}},"type":"binary-expr","locations":[{"start":{"line":39,"column":15},"end":{"line":39,"column":25}},{"start":{"line":39,"column":29},"end":{"line":39,"column":30}}]},"7":{"loc":{"start":{"line":49,"column":20},"end":{"line":49,"column":58}},"type":"binary-expr","locations":[{"start":{"line":49,"column":20},"end":{"line":49,"column":50}},{"start":{"line":49,"column":54},"end":{"line":49,"column":58}}]},"8":{"loc":{"start":{"line":51,"column":14},"end":{"line":51,"column":30}},"type":"binary-expr","locations":[{"start":{"line":51,"column":14},"end":{"line":51,"column":25}},{"start":{"line":51,"column":29},"end":{"line":51,"column":30}}]},"9":{"loc":{"start":{"line":52,"column":14},"end":{"line":52,"column":30}},"type":"binary-expr","locations":[{"start":{"line":52,"column":14},"end":{"line":52,"column":25}},{"start":{"line":52,"column":29},"end":{"line":52,"column":30}}]},"10":{"loc":{"start":{"line":53,"column":15},"end":{"line":53,"column":33}},"type":"binary-expr","locations":[{"start":{"line":53,"column":15},"end":{"line":53,"column":27}},{"start":{"line":53,"column":31},"end":{"line":53,"column":33}}]},"11":{"loc":{"start":{"line":65,"column":18},"end":{"line":65,"column":70}},"type":"binary-expr","locations":[{"start":{"line":65,"column":18},"end":{"line":65,"column":64}},{"start":{"line":65,"column":68},"end":{"line":65,"column":70}}]},"12":{"loc":{"start":{"line":75,"column":22},"end":{"line":75,"column":78}},"type":"binary-expr","locations":[{"start":{"line":75,"column":22},"end":{"line":75,"column":72}},{"start":{"line":75,"column":76},"end":{"line":75,"column":78}}]}},"s":{"0":5,"1":5,"2":5,"3":3,"4":3,"5":3,"6":3,"7":2,"8":1,"9":3,"10":3,"11":3,"12":3,"13":2,"14":1,"15":3,"16":3,"17":3,"18":3,"19":2,"20":1,"21":3,"22":3,"23":3,"24":3,"25":2,"26":1,"27":3,"28":3,"29":3,"30":3,"31":2,"32":1,"33":5},"f":{"0":5,"1":3,"2":3,"3":3,"4":3,"5":3},"b":{"0":[3,1],"1":[3,1],"2":[3,1],"3":[3,1],"4":[3,1],"5":[3,1],"6":[3,1],"7":[3,1],"8":[3,1],"9":[3,1],"10":[3,1],"11":[3,2],"12":[3,2]}}
,"/home/anon/Documentos/Repositorios/brainz-quiz-backend/src/domain/interfaces/controllers/subjectControllers.ts": {"path":"/home/anon/Documentos/Repositorios/brainz-quiz-backend/src/domain/interfaces/controllers/subjectControllers.ts","statementMap":{"0":{"start":{"line":1,"column":0},"end":{"line":1,"column":79}},"1":{"start":{"line":15,"column":4},"end":{"line":15,"column":12}},"2":{"start":{"line":14,"column":22},"end":{"line":14,"column":55}},"3":{"start":{"line":19,"column":4},"end":{"line":28,"column":5}},"4":{"start":{"line":20,"column":19},"end":{"line":20,"column":70}},"5":{"start":{"line":21,"column":32},"end":{"line":23,"column":8}},"6":{"start":{"line":24,"column":21},"end":{"line":24,"column":73}},"7":{"start":{"line":25,"column":6},"end":{"line":25,"column":58}},"8":{"start":{"line":27,"column":6},"end":{"line":27,"column":55}},"9":{"start":{"line":31,"column":4},"end":{"line":42,"column":5}},"10":{"start":{"line":32,"column":19},"end":{"line":32,"column":60}},"11":{"start":{"line":33,"column":26},"end":{"line":37,"column":8}},"12":{"start":{"line":38,"column":21},"end":{"line":38,"column":67}},"13":{"start":{"line":39,"column":6},"end":{"line":39,"column":58}},"14":{"start":{"line":41,"column":6},"end":{"line":41,"column":55}},"15":{"start":{"line":45,"column":4},"end":{"line":52,"column":5}},"16":{"start":{"line":46,"column":18},"end":{"line":46,"column":70}},"17":{"start":{"line":47,"column":27},"end":{"line":47,"column":33}},"18":{"start":{"line":48,"column":21},"end":{"line":48,"column":70}},"19":{"start":{"line":49,"column":6},"end":{"line":49,"column":58}},"20":{"start":{"line":51,"column":6},"end":{"line":51,"column":55}},"21":{"start":{"line":55,"column":4},"end":{"line":69,"column":5}},"22":{"start":{"line":56,"column":20},"end":{"line":56,"column":58}},"23":{"start":{"line":57,"column":32},"end":{"line":62,"column":31}},"24":{"start":{"line":64,"column":21},"end":{"line":64,"column":74}},"25":{"start":{"line":66,"column":6},"end":{"line":66,"column":58}},"26":{"start":{"line":68,"column":6},"end":{"line":68,"column":55}},"27":{"start":{"line":13,"column":0},"end":{"line":13,"column":13}}},"fnMap":{"0":{"name":"(anonymous_0)","decl":{"start":{"line":14,"column":2},"end":{"line":14,"column":22}},"loc":{"start":{"line":14,"column":55},"end":{"line":16,"column":3}}},"1":{"name":"(anonymous_1)","decl":{"start":{"line":18,"column":9},"end":{"line":18,"column":14}},"loc":{"start":{"line":18,"column":47},"end":{"line":29,"column":3}}},"2":{"name":"(anonymous_2)","decl":{"start":{"line":30,"column":9},"end":{"line":30,"column":14}},"loc":{"start":{"line":30,"column":47},"end":{"line":43,"column":3}}},"3":{"name":"(anonymous_3)","decl":{"start":{"line":44,"column":9},"end":{"line":44,"column":14}},"loc":{"start":{"line":44,"column":49},"end":{"line":53,"column":3}}},"4":{"name":"(anonymous_4)","decl":{"start":{"line":54,"column":9},"end":{"line":54,"column":14}},"loc":{"start":{"line":54,"column":48},"end":{"line":70,"column":3}}}},"branchMap":{"0":{"loc":{"start":{"line":22,"column":21},"end":{"line":22,"column":43}},"type":"binary-expr","locations":[{"start":{"line":22,"column":21},"end":{"line":22,"column":37}},{"start":{"line":22,"column":41},"end":{"line":22,"column":43}}]},"1":{"loc":{"start":{"line":34,"column":12},"end":{"line":34,"column":25}},"type":"binary-expr","locations":[{"start":{"line":34,"column":12},"end":{"line":34,"column":19}},{"start":{"line":34,"column":23},"end":{"line":34,"column":25}}]},"2":{"loc":{"start":{"line":35,"column":21},"end":{"line":35,"column":43}},"type":"binary-expr","locations":[{"start":{"line":35,"column":21},"end":{"line":35,"column":37}},{"start":{"line":35,"column":41},"end":{"line":35,"column":43}}]},"3":{"loc":{"start":{"line":36,"column":18},"end":{"line":36,"column":39}},"type":"binary-expr","locations":[{"start":{"line":36,"column":18},"end":{"line":36,"column":31}},{"start":{"line":36,"column":35},"end":{"line":36,"column":39}}]},"4":{"loc":{"start":{"line":46,"column":18},"end":{"line":46,"column":70}},"type":"binary-expr","locations":[{"start":{"line":46,"column":18},"end":{"line":46,"column":64}},{"start":{"line":46,"column":68},"end":{"line":46,"column":70}}]},"5":{"loc":{"start":{"line":56,"column":20},"end":{"line":56,"column":58}},"type":"binary-expr","locations":[{"start":{"line":56,"column":20},"end":{"line":56,"column":50}},{"start":{"line":56,"column":54},"end":{"line":56,"column":58}}]},"6":{"loc":{"start":{"line":58,"column":14},"end":{"line":58,"column":30}},"type":"binary-expr","locations":[{"start":{"line":58,"column":14},"end":{"line":58,"column":25}},{"start":{"line":58,"column":29},"end":{"line":58,"column":30}}]},"7":{"loc":{"start":{"line":59,"column":14},"end":{"line":59,"column":30}},"type":"binary-expr","locations":[{"start":{"line":59,"column":14},"end":{"line":59,"column":25}},{"start":{"line":59,"column":29},"end":{"line":59,"column":30}}]},"8":{"loc":{"start":{"line":60,"column":15},"end":{"line":60,"column":33}},"type":"binary-expr","locations":[{"start":{"line":60,"column":15},"end":{"line":60,"column":27}},{"start":{"line":60,"column":31},"end":{"line":60,"column":33}}]},"9":{"loc":{"start":{"line":61,"column":18},"end":{"line":61,"column":41}},"type":"binary-expr","locations":[{"start":{"line":61,"column":18},"end":{"line":61,"column":33}},{"start":{"line":61,"column":37},"end":{"line":61,"column":41}}]}},"s":{"0":4,"1":4,"2":4,"3":3,"4":3,"5":3,"6":3,"7":2,"8":1,"9":3,"10":3,"11":3,"12":3,"13":2,"14":1,"15":3,"16":3,"17":3,"18":3,"19":2,"20":1,"21":3,"22":3,"23":3,"24":3,"25":2,"26":1,"27":4},"f":{"0":4,"1":3,"2":3,"3":3,"4":3},"b":{"0":[3,1],"1":[3,1],"2":[3,1],"3":[3,1],"4":[3,2],"5":[3,1],"6":[3,1],"7":[3,1],"8":[3,1],"9":[3,1]}}
,"/home/anon/Documentos/Repositorios/brainz-quiz-backend/src/domain/interfaces/controllers/userControllers.ts": {"path":"/home/anon/Documentos/Repositorios/brainz-quiz-backend/src/domain/interfaces/controllers/userControllers.ts","statementMap":{"0":{"start":{"line":1,"column":0},"end":{"line":1,"column":79}},"1":{"start":{"line":12,"column":0},"end":{"line":12,"column":53}},"2":{"start":{"line":27,"column":4},"end":{"line":27,"column":12}},"3":{"start":{"line":26,"column":22},"end":{"line":26,"column":49}},"4":{"start":{"line":31,"column":4},"end":{"line":43,"column":5}},"5":{"start":{"line":32,"column":19},"end":{"line":32,"column":67}},"6":{"start":{"line":33,"column":29},"end":{"line":38,"column":8}},"7":{"start":{"line":39,"column":21},"end":{"line":39,"column":67}},"8":{"start":{"line":40,"column":6},"end":{"line":40,"column":58}},"9":{"start":{"line":42,"column":6},"end":{"line":42,"column":55}},"10":{"start":{"line":47,"column":4},"end":{"line":59,"column":5}},"11":{"start":{"line":48,"column":19},"end":{"line":48,"column":67}},"12":{"start":{"line":49,"column":29},"end":{"line":54,"column":8}},"13":{"start":{"line":55,"column":21},"end":{"line":55,"column":67}},"14":{"start":{"line":56,"column":6},"end":{"line":56,"column":58}},"15":{"start":{"line":58,"column":6},"end":{"line":58,"column":55}},"16":{"start":{"line":63,"column":4},"end":{"line":73,"column":5}},"17":{"start":{"line":64,"column":19},"end":{"line":64,"column":71}},"18":{"start":{"line":65,"column":33},"end":{"line":68,"column":8}},"19":{"start":{"line":69,"column":21},"end":{"line":69,"column":75}},"20":{"start":{"line":70,"column":6},"end":{"line":70,"column":58}},"21":{"start":{"line":72,"column":6},"end":{"line":72,"column":55}},"22":{"start":{"line":77,"column":4},"end":{"line":88,"column":5}},"23":{"start":{"line":78,"column":19},"end":{"line":78,"column":75}},"24":{"start":{"line":79,"column":37},"end":{"line":83,"column":8}},"25":{"start":{"line":84,"column":21},"end":{"line":84,"column":83}},"26":{"start":{"line":85,"column":6},"end":{"line":85,"column":58}},"27":{"start":{"line":87,"column":6},"end":{"line":87,"column":55}},"28":{"start":{"line":92,"column":4},"end":{"line":99,"column":5}},"29":{"start":{"line":93,"column":18},"end":{"line":93,"column":70}},"30":{"start":{"line":94,"column":27},"end":{"line":94,"column":33}},"31":{"start":{"line":95,"column":21},"end":{"line":95,"column":67}},"32":{"start":{"line":96,"column":6},"end":{"line":96,"column":58}},"33":{"start":{"line":98,"column":6},"end":{"line":98,"column":55}},"34":{"start":{"line":103,"column":4},"end":{"line":116,"column":5}},"35":{"start":{"line":104,"column":20},"end":{"line":104,"column":58}},"36":{"start":{"line":105,"column":31},"end":{"line":109,"column":29}},"37":{"start":{"line":111,"column":21},"end":{"line":111,"column":70}},"38":{"start":{"line":113,"column":6},"end":{"line":113,"column":58}},"39":{"start":{"line":115,"column":6},"end":{"line":115,"column":55}},"40":{"start":{"line":120,"column":4},"end":{"line":131,"column":5}},"41":{"start":{"line":121,"column":20},"end":{"line":121,"column":58}},"42":{"start":{"line":122,"column":33},"end":{"line":124,"column":38}},"43":{"start":{"line":126,"column":6},"end":{"line":126,"column":81}},"44":{"start":{"line":128,"column":6},"end":{"line":128,"column":54}},"45":{"start":{"line":130,"column":6},"end":{"line":130,"column":55}},"46":{"start":{"line":135,"column":4},"end":{"line":147,"column":5}},"47":{"start":{"line":136,"column":19},"end":{"line":136,"column":69}},"48":{"start":{"line":137,"column":31},"end":{"line":140,"column":8}},"49":{"start":{"line":142,"column":21},"end":{"line":142,"column":75}},"50":{"start":{"line":144,"column":6},"end":{"line":144,"column":58}},"51":{"start":{"line":146,"column":6},"end":{"line":146,"column":55}},"52":{"start":{"line":25,"column":0},"end":{"line":25,"column":13}}},"fnMap":{"0":{"name":"(anonymous_0)","decl":{"start":{"line":26,"column":2},"end":{"line":26,"column":22}},"loc":{"start":{"line":26,"column":49},"end":{"line":28,"column":3}}},"1":{"name":"(anonymous_1)","decl":{"start":{"line":30,"column":9},"end":{"line":30,"column":14}},"loc":{"start":{"line":30,"column":52},"end":{"line":44,"column":3}}},"2":{"name":"(anonymous_2)","decl":{"start":{"line":46,"column":9},"end":{"line":46,"column":14}},"loc":{"start":{"line":46,"column":53},"end":{"line":60,"column":3}}},"3":{"name":"(anonymous_3)","decl":{"start":{"line":62,"column":9},"end":{"line":62,"column":14}},"loc":{"start":{"line":62,"column":51},"end":{"line":74,"column":3}}},"4":{"name":"(anonymous_4)","decl":{"start":{"line":76,"column":9},"end":{"line":76,"column":14}},"loc":{"start":{"line":76,"column":55},"end":{"line":89,"column":3}}},"5":{"name":"(anonymous_5)","decl":{"start":{"line":91,"column":9},"end":{"line":91,"column":14}},"loc":{"start":{"line":91,"column":49},"end":{"line":100,"column":3}}},"6":{"name":"(anonymous_6)","decl":{"start":{"line":102,"column":9},"end":{"line":102,"column":14}},"loc":{"start":{"line":102,"column":48},"end":{"line":117,"column":3}}},"7":{"name":"(anonymous_7)","decl":{"start":{"line":119,"column":9},"end":{"line":119,"column":14}},"loc":{"start":{"line":119,"column":71},"end":{"line":132,"column":3}}},"8":{"name":"(anonymous_8)","decl":{"start":{"line":134,"column":9},"end":{"line":134,"column":14}},"loc":{"start":{"line":134,"column":53},"end":{"line":148,"column":3}}}},"branchMap":{"0":{"loc":{"start":{"line":34,"column":15},"end":{"line":34,"column":31}},"type":"binary-expr","locations":[{"start":{"line":34,"column":15},"end":{"line":34,"column":25}},{"start":{"line":34,"column":29},"end":{"line":34,"column":31}}]},"1":{"loc":{"start":{"line":35,"column":18},"end":{"line":35,"column":37}},"type":"binary-expr","locations":[{"start":{"line":35,"column":18},"end":{"line":35,"column":31}},{"start":{"line":35,"column":35},"end":{"line":35,"column":37}}]},"2":{"loc":{"start":{"line":36,"column":25},"end":{"line":36,"column":44}},"type":"binary-expr","locations":[{"start":{"line":36,"column":25},"end":{"line":36,"column":38}},{"start":{"line":36,"column":42},"end":{"line":36,"column":44}}]},"3":{"loc":{"start":{"line":50,"column":15},"end":{"line":50,"column":31}},"type":"binary-expr","locations":[{"start":{"line":50,"column":15},"end":{"line":50,"column":25}},{"start":{"line":50,"column":29},"end":{"line":50,"column":31}}]},"4":{"loc":{"start":{"line":51,"column":18},"end":{"line":51,"column":37}},"type":"binary-expr","locations":[{"start":{"line":51,"column":18},"end":{"line":51,"column":31}},{"start":{"line":51,"column":35},"end":{"line":51,"column":37}}]},"5":{"loc":{"start":{"line":52,"column":25},"end":{"line":52,"column":44}},"type":"binary-expr","locations":[{"start":{"line":52,"column":25},"end":{"line":52,"column":38}},{"start":{"line":52,"column":42},"end":{"line":52,"column":44}}]},"6":{"loc":{"start":{"line":66,"column":12},"end":{"line":66,"column":25}},"type":"binary-expr","locations":[{"start":{"line":66,"column":12},"end":{"line":66,"column":19}},{"start":{"line":66,"column":23},"end":{"line":66,"column":25}}]},"7":{"loc":{"start":{"line":67,"column":14},"end":{"line":67,"column":29}},"type":"binary-expr","locations":[{"start":{"line":67,"column":14},"end":{"line":67,"column":23}},{"start":{"line":67,"column":27},"end":{"line":67,"column":29}}]},"8":{"loc":{"start":{"line":80,"column":15},"end":{"line":80,"column":31}},"type":"binary-expr","locations":[{"start":{"line":80,"column":15},"end":{"line":80,"column":25}},{"start":{"line":80,"column":29},"end":{"line":80,"column":31}}]},"9":{"loc":{"start":{"line":81,"column":18},"end":{"line":81,"column":37}},"type":"binary-expr","locations":[{"start":{"line":81,"column":18},"end":{"line":81,"column":31}},{"start":{"line":81,"column":35},"end":{"line":81,"column":37}}]},"10":{"loc":{"start":{"line":82,"column":25},"end":{"line":82,"column":51}},"type":"binary-expr","locations":[{"start":{"line":82,"column":25},"end":{"line":82,"column":45}},{"start":{"line":82,"column":49},"end":{"line":82,"column":51}}]},"11":{"loc":{"start":{"line":93,"column":18},"end":{"line":93,"column":70}},"type":"binary-expr","locations":[{"start":{"line":93,"column":18},"end":{"line":93,"column":64}},{"start":{"line":93,"column":68},"end":{"line":93,"column":70}}]},"12":{"loc":{"start":{"line":104,"column":20},"end":{"line":104,"column":58}},"type":"binary-expr","locations":[{"start":{"line":104,"column":20},"end":{"line":104,"column":50}},{"start":{"line":104,"column":54},"end":{"line":104,"column":58}}]},"13":{"loc":{"start":{"line":106,"column":14},"end":{"line":106,"column":30}},"type":"binary-expr","locations":[{"start":{"line":106,"column":14},"end":{"line":106,"column":25}},{"start":{"line":106,"column":29},"end":{"line":106,"column":30}}]},"14":{"loc":{"start":{"line":107,"column":14},"end":{"line":107,"column":30}},"type":"binary-expr","locations":[{"start":{"line":107,"column":14},"end":{"line":107,"column":25}},{"start":{"line":107,"column":29},"end":{"line":107,"column":30}}]},"15":{"loc":{"start":{"line":108,"column":15},"end":{"line":108,"column":33}},"type":"binary-expr","locations":[{"start":{"line":108,"column":15},"end":{"line":108,"column":27}},{"start":{"line":108,"column":31},"end":{"line":108,"column":33}}]},"16":{"loc":{"start":{"line":121,"column":20},"end":{"line":121,"column":58}},"type":"binary-expr","locations":[{"start":{"line":121,"column":20},"end":{"line":121,"column":50}},{"start":{"line":121,"column":54},"end":{"line":121,"column":58}}]},"17":{"loc":{"start":{"line":123,"column":15},"end":{"line":123,"column":33}},"type":"binary-expr","locations":[{"start":{"line":123,"column":15},"end":{"line":123,"column":27}},{"start":{"line":123,"column":31},"end":{"line":123,"column":33}}]},"18":{"loc":{"start":{"line":138,"column":15},"end":{"line":138,"column":31}},"type":"binary-expr","locations":[{"start":{"line":138,"column":15},"end":{"line":138,"column":25}},{"start":{"line":138,"column":29},"end":{"line":138,"column":31}}]},"19":{"loc":{"start":{"line":139,"column":18},"end":{"line":139,"column":37}},"type":"binary-expr","locations":[{"start":{"line":139,"column":18},"end":{"line":139,"column":31}},{"start":{"line":139,"column":35},"end":{"line":139,"column":37}}]}},"s":{"0":8,"1":8,"2":8,"3":8,"4":4,"5":4,"6":4,"7":4,"8":1,"9":3,"10":4,"11":4,"12":4,"13":4,"14":1,"15":3,"16":4,"17":4,"18":4,"19":4,"20":1,"21":3,"22":4,"23":4,"24":4,"25":4,"26":1,"27":3,"28":4,"29":4,"30":4,"31":4,"32":1,"33":3,"34":4,"35":4,"36":4,"37":4,"38":1,"39":3,"40":4,"41":4,"42":4,"43":4,"44":1,"45":3,"46":4,"47":4,"48":4,"49":4,"50":1,"51":3,"52":8},"f":{"0":8,"1":4,"2":4,"3":4,"4":4,"5":4,"6":4,"7":4,"8":4},"b":{"0":[4,1],"1":[4,1],"2":[4,1],"3":[4,1],"4":[4,1],"5":[4,1],"6":[4,1],"7":[4,1],"8":[4,1],"9":[4,1],"10":[4,1],"11":[4,1],"12":[4,1],"13":[4,1],"14":[4,1],"15":[4,1],"16":[4,1],"17":[4,1],"18":[4,1],"19":[4,1]}}
,"/home/anon/Documentos/Repositorios/brainz-quiz-backend/src/domain/useCases/levelUseCases.ts": {"path":"/home/anon/Documentos/Repositorios/brainz-quiz-backend/src/domain/useCases/levelUseCases.ts","statementMap":{"0":{"start":{"line":1,"column":0},"end":{"line":1,"column":42}},"1":{"start":{"line":4,"column":0},"end":{"line":4,"column":64}},"2":{"start":{"line":5,"column":0},"end":{"line":5,"column":67}},"3":{"start":{"line":8,"column":13},"end":{"line":8,"column":75}},"4":{"start":{"line":9,"column":13},"end":{"line":10,"column":99}},"5":{"start":{"line":24,"column":4},"end":{"line":24,"column":12}},"6":{"start":{"line":21,"column":12},"end":{"line":21,"column":45}},"7":{"start":{"line":22,"column":12},"end":{"line":22,"column":41}},"8":{"start":{"line":28,"column":4},"end":{"line":35,"column":5}},"9":{"start":{"line":29,"column":17},"end":{"line":29,"column":52}},"10":{"start":{"line":30,"column":28},"end":{"line":30,"column":70}},"11":{"start":{"line":31,"column":6},"end":{"line":31,"column":60}},"12":{"start":{"line":32,"column":6},"end":{"line":32,"column":32}},"13":{"start":{"line":34,"column":6},"end":{"line":34,"column":30}},"14":{"start":{"line":39,"column":4},"end":{"line":46,"column":5}},"15":{"start":{"line":40,"column":6},"end":{"line":40,"column":43}},"16":{"start":{"line":41,"column":28},"end":{"line":41,"column":43}},"17":{"start":{"line":42,"column":6},"end":{"line":42,"column":60}},"18":{"start":{"line":43,"column":6},"end":{"line":43,"column":27}},"19":{"start":{"line":45,"column":6},"end":{"line":45,"column":30}},"20":{"start":{"line":50,"column":4},"end":{"line":58,"column":5}},"21":{"start":{"line":51,"column":21},"end":{"line":51,"column":62}},"22":{"start":{"line":52,"column":6},"end":{"line":54,"column":7}},"23":{"start":{"line":53,"column":8},"end":{"line":53,"column":69}},"24":{"start":{"line":55,"column":6},"end":{"line":55,"column":20}},"25":{"start":{"line":57,"column":6},"end":{"line":57,"column":30}},"26":{"start":{"line":62,"column":4},"end":{"line":69,"column":5}},"27":{"start":{"line":63,"column":6},"end":{"line":65,"column":7}},"28":{"start":{"line":64,"column":8},"end":{"line":64,"column":71}},"29":{"start":{"line":66,"column":6},"end":{"line":66,"column":54}},"30":{"start":{"line":68,"column":6},"end":{"line":68,"column":30}},"31":{"start":{"line":19,"column":0},"end":{"line":19,"column":13}}},"fnMap":{"0":{"name":"(anonymous_0)","decl":{"start":{"line":20,"column":2},"end":{"line":20,"column":null}},"loc":{"start":{"line":22,"column":41},"end":{"line":25,"column":3}}},"1":{"name":"(anonymous_1)","decl":{"start":{"line":27,"column":9},"end":{"line":27,"column":14}},"loc":{"start":{"line":27,"column":44},"end":{"line":36,"column":3}}},"2":{"name":"(anonymous_2)","decl":{"start":{"line":38,"column":9},"end":{"line":38,"column":14}},"loc":{"start":{"line":38,"column":34},"end":{"line":47,"column":3}}},"3":{"name":"(anonymous_3)","decl":{"start":{"line":49,"column":9},"end":{"line":49,"column":14}},"loc":{"start":{"line":49,"column":48},"end":{"line":59,"column":3}}},"4":{"name":"(anonymous_4)","decl":{"start":{"line":61,"column":9},"end":{"line":61,"column":14}},"loc":{"start":{"line":61,"column":46},"end":{"line":70,"column":3}}}},"branchMap":{"0":{"loc":{"start":{"line":52,"column":6},"end":{"line":54,"column":7}},"type":"if","locations":[{"start":{"line":52,"column":6},"end":{"line":54,"column":7}}]},"1":{"loc":{"start":{"line":63,"column":6},"end":{"line":65,"column":7}},"type":"if","locations":[{"start":{"line":63,"column":6},"end":{"line":65,"column":7}}]},"2":{"loc":{"start":{"line":63,"column":10},"end":{"line":63,"column":58}},"type":"binary-expr","locations":[{"start":{"line":63,"column":10},"end":{"line":63,"column":23}},{"start":{"line":63,"column":27},"end":{"line":63,"column":40}},{"start":{"line":63,"column":44},"end":{"line":63,"column":58}}]}},"s":{"0":4,"1":4,"2":4,"3":4,"4":4,"5":4,"6":4,"7":4,"8":2,"9":2,"10":2,"11":2,"12":1,"13":1,"14":2,"15":2,"16":1,"17":1,"18":1,"19":1,"20":5,"21":5,"22":4,"23":2,"24":2,"25":3,"26":3,"27":3,"28":1,"29":2,"30":2,"31":4},"f":{"0":4,"1":2,"2":2,"3":5,"4":3},"b":{"0":[2],"1":[1],"2":[3,2,2]}}
,"/home/anon/Documentos/Repositorios/brainz-quiz-backend/src/domain/useCases/optionUseCases.ts": {"path":"/home/anon/Documentos/Repositorios/brainz-quiz-backend/src/domain/useCases/optionUseCases.ts","statementMap":{"0":{"start":{"line":1,"column":0},"end":{"line":1,"column":44}},"1":{"start":{"line":4,"column":0},"end":{"line":4,"column":47}},"2":{"start":{"line":5,"column":0},"end":{"line":5,"column":67}},"3":{"start":{"line":15,"column":45},"end":{"line":15,"column":69}},"4":{"start":{"line":31,"column":4},"end":{"line":31,"column":12}},"5":{"start":{"line":27,"column":12},"end":{"line":27,"column":47}},"6":{"start":{"line":28,"column":12},"end":{"line":28,"column":47}},"7":{"start":{"line":29,"column":12},"end":{"line":29,"column":41}},"8":{"start":{"line":35,"column":4},"end":{"line":50,"column":5}},"9":{"start":{"line":36,"column":6},"end":{"line":36,"column":68}},"10":{"start":{"line":38,"column":38},"end":{"line":42,"column":8}},"11":{"start":{"line":39,"column":19},"end":{"line":39,"column":54}},"12":{"start":{"line":40,"column":28},"end":{"line":40,"column":95}},"13":{"start":{"line":41,"column":8},"end":{"line":41,"column":32}},"14":{"start":{"line":44,"column":30},"end":{"line":44,"column":72}},"15":{"start":{"line":45,"column":6},"end":{"line":45,"column":58}},"16":{"start":{"line":47,"column":6},"end":{"line":47,"column":29}},"17":{"start":{"line":49,"column":6},"end":{"line":49,"column":30}},"18":{"start":{"line":54,"column":4},"end":{"line":62,"column":5}},"19":{"start":{"line":55,"column":6},"end":{"line":55,"column":68}},"20":{"start":{"line":56,"column":6},"end":{"line":56,"column":43}},"21":{"start":{"line":57,"column":29},"end":{"line":57,"column":45}},"22":{"start":{"line":58,"column":6},"end":{"line":58,"column":62}},"23":{"start":{"line":59,"column":6},"end":{"line":59,"column":33}},"24":{"start":{"line":61,"column":6},"end":{"line":61,"column":30}},"25":{"start":{"line":65,"column":4},"end":{"line":73,"column":5}},"26":{"start":{"line":66,"column":21},"end":{"line":66,"column":63}},"27":{"start":{"line":67,"column":6},"end":{"line":69,"column":7}},"28":{"start":{"line":68,"column":8},"end":{"line":68,"column":70}},"29":{"start":{"line":70,"column":6},"end":{"line":70,"column":20}},"30":{"start":{"line":72,"column":6},"end":{"line":72,"column":30}},"31":{"start":{"line":76,"column":4},"end":{"line":80,"column":5}},"32":{"start":{"line":77,"column":6},"end":{"line":77,"column":67}},"33":{"start":{"line":79,"column":6},"end":{"line":79,"column":30}},"34":{"start":{"line":83,"column":4},"end":{"line":88,"column":5}},"35":{"start":{"line":84,"column":6},"end":{"line":84,"column":43}},"36":{"start":{"line":85,"column":6},"end":{"line":85,"column":47}},"37":{"start":{"line":87,"column":6},"end":{"line":87,"column":30}},"38":{"start":{"line":25,"column":0},"end":{"line":25,"column":13}}},"fnMap":{"0":{"name":"(anonymous_0)","decl":{"start":{"line":26,"column":2},"end":{"line":26,"column":null}},"loc":{"start":{"line":29,"column":41},"end":{"line":32,"column":3}}},"1":{"name":"(anonymous_1)","decl":{"start":{"line":34,"column":9},"end":{"line":34,"column":14}},"loc":{"start":{"line":34,"column":45},"end":{"line":51,"column":3}}},"2":{"name":"(anonymous_2)","decl":{"start":{"line":38,"column":64},"end":{"line":38,"column":69}},"loc":{"start":{"line":38,"column":88},"end":{"line":42,"column":7}}},"3":{"name":"(anonymous_3)","decl":{"start":{"line":53,"column":9},"end":{"line":53,"column":14}},"loc":{"start":{"line":53,"column":35},"end":{"line":63,"column":3}}},"4":{"name":"(anonymous_4)","decl":{"start":{"line":64,"column":9},"end":{"line":64,"column":14}},"loc":{"start":{"line":64,"column":45},"end":{"line":74,"column":3}}},"5":{"name":"(anonymous_5)","decl":{"start":{"line":75,"column":9},"end":{"line":75,"column":14}},"loc":{"start":{"line":75,"column":72},"end":{"line":81,"column":3}}},"6":{"name":"(anonymous_6)","decl":{"start":{"line":82,"column":9},"end":{"line":82,"column":14}},"loc":{"start":{"line":82,"column":45},"end":{"line":89,"column":3}}}},"branchMap":{"0":{"loc":{"start":{"line":67,"column":6},"end":{"line":69,"column":7}},"type":"if","locations":[{"start":{"line":67,"column":6},"end":{"line":69,"column":7}}]}},"s":{"0":5,"1":5,"2":5,"3":5,"4":5,"5":5,"6":5,"7":5,"8":2,"9":2,"10":2,"11":4,"12":4,"13":3,"14":2,"15":1,"16":1,"17":1,"18":2,"19":2,"20":2,"21":1,"22":1,"23":1,"24":1,"25":6,"26":6,"27":6,"28":2,"29":4,"30":2,"31":2,"32":2,"33":1,"34":2,"35":2,"36":2,"37":1,"38":5},"f":{"0":5,"1":2,"2":4,"3":2,"4":6,"5":2,"6":2},"b":{"0":[2]}}
,"/home/anon/Documentos/Repositorios/brainz-quiz-backend/src/domain/useCases/profileUseCases.ts": {"path":"/home/anon/Documentos/Repositorios/brainz-quiz-backend/src/domain/useCases/profileUseCases.ts","statementMap":{"0":{"start":{"line":1,"column":0},"end":{"line":1,"column":46}},"1":{"start":{"line":4,"column":0},"end":{"line":4,"column":64}},"2":{"start":{"line":5,"column":0},"end":{"line":5,"column":67}},"3":{"start":{"line":16,"column":13},"end":{"line":16,"column":79}},"4":{"start":{"line":17,"column":13},"end":{"line":17,"column":105}},"5":{"start":{"line":18,"column":13},"end":{"line":19,"column":98}},"6":{"start":{"line":35,"column":4},"end":{"line":35,"column":12}},"7":{"start":{"line":31,"column":12},"end":{"line":31,"column":39}},"8":{"start":{"line":32,"column":12},"end":{"line":32,"column":49}},"9":{"start":{"line":33,"column":12},"end":{"line":33,"column":41}},"10":{"start":{"line":39,"column":4},"end":{"line":47,"column":5}},"11":{"start":{"line":40,"column":6},"end":{"line":40,"column":60}},"12":{"start":{"line":41,"column":17},"end":{"line":41,"column":52}},"13":{"start":{"line":42,"column":22},"end":{"line":42,"column":50}},"14":{"start":{"line":43,"column":6},"end":{"line":43,"column":56}},"15":{"start":{"line":44,"column":6},"end":{"line":44,"column":26}},"16":{"start":{"line":46,"column":6},"end":{"line":46,"column":30}},"17":{"start":{"line":50,"column":4},"end":{"line":58,"column":5}},"18":{"start":{"line":51,"column":29},"end":{"line":51,"column":65}},"19":{"start":{"line":52,"column":6},"end":{"line":52,"column":42}},"20":{"start":{"line":53,"column":30},"end":{"line":53,"column":47}},"21":{"start":{"line":54,"column":6},"end":{"line":54,"column":64}},"22":{"start":{"line":55,"column":6},"end":{"line":55,"column":18}},"23":{"start":{"line":57,"column":6},"end":{"line":57,"column":30}},"24":{"start":{"line":62,"column":4},"end":{"line":69,"column":5}},"25":{"start":{"line":63,"column":6},"end":{"line":65,"column":7}},"26":{"start":{"line":64,"column":8},"end":{"line":64,"column":73}},"27":{"start":{"line":66,"column":6},"end":{"line":66,"column":56}},"28":{"start":{"line":68,"column":6},"end":{"line":68,"column":30}},"29":{"start":{"line":73,"column":4},"end":{"line":81,"column":5}},"30":{"start":{"line":74,"column":21},"end":{"line":74,"column":64}},"31":{"start":{"line":75,"column":6},"end":{"line":77,"column":7}},"32":{"start":{"line":76,"column":8},"end":{"line":76,"column":71}},"33":{"start":{"line":78,"column":6},"end":{"line":78,"column":20}},"34":{"start":{"line":80,"column":6},"end":{"line":80,"column":30}},"35":{"start":{"line":85,"column":4},"end":{"line":93,"column":5}},"36":{"start":{"line":86,"column":21},"end":{"line":86,"column":75}},"37":{"start":{"line":87,"column":6},"end":{"line":89,"column":7}},"38":{"start":{"line":88,"column":8},"end":{"line":88,"column":76}},"39":{"start":{"line":90,"column":6},"end":{"line":90,"column":20}},"40":{"start":{"line":92,"column":6},"end":{"line":92,"column":30}},"41":{"start":{"line":29,"column":0},"end":{"line":29,"column":13}}},"fnMap":{"0":{"name":"(anonymous_0)","decl":{"start":{"line":30,"column":2},"end":{"line":30,"column":null}},"loc":{"start":{"line":33,"column":41},"end":{"line":36,"column":3}}},"1":{"name":"(anonymous_1)","decl":{"start":{"line":38,"column":9},"end":{"line":38,"column":14}},"loc":{"start":{"line":38,"column":46},"end":{"line":48,"column":3}}},"2":{"name":"(anonymous_2)","decl":{"start":{"line":49,"column":9},"end":{"line":49,"column":14}},"loc":{"start":{"line":49,"column":36},"end":{"line":59,"column":3}}},"3":{"name":"(anonymous_3)","decl":{"start":{"line":61,"column":9},"end":{"line":61,"column":14}},"loc":{"start":{"line":61,"column":49},"end":{"line":70,"column":3}}},"4":{"name":"(anonymous_4)","decl":{"start":{"line":72,"column":9},"end":{"line":72,"column":14}},"loc":{"start":{"line":72,"column":47},"end":{"line":82,"column":3}}},"5":{"name":"(anonymous_5)","decl":{"start":{"line":84,"column":9},"end":{"line":84,"column":14}},"loc":{"start":{"line":84,"column":61},"end":{"line":94,"column":3}}}},"branchMap":{"0":{"loc":{"start":{"line":63,"column":6},"end":{"line":65,"column":7}},"type":"if","locations":[{"start":{"line":63,"column":6},"end":{"line":65,"column":7}}]},"1":{"loc":{"start":{"line":63,"column":10},"end":{"line":63,"column":58}},"type":"binary-expr","locations":[{"start":{"line":63,"column":10},"end":{"line":63,"column":23}},{"start":{"line":63,"column":27},"end":{"line":63,"column":40}},{"start":{"line":63,"column":44},"end":{"line":63,"column":58}}]},"2":{"loc":{"start":{"line":75,"column":6},"end":{"line":77,"column":7}},"type":"if","locations":[{"start":{"line":75,"column":6},"end":{"line":77,"column":7}}]},"3":{"loc":{"start":{"line":87,"column":6},"end":{"line":89,"column":7}},"type":"if","locations":[{"start":{"line":87,"column":6},"end":{"line":89,"column":7}}]}},"s":{"0":5,"1":5,"2":5,"3":5,"4":5,"5":5,"6":5,"7":5,"8":5,"9":5,"10":2,"11":2,"12":1,"13":1,"14":1,"15":1,"16":1,"17":2,"18":2,"19":1,"20":1,"21":1,"22":1,"23":1,"24":3,"25":3,"26":1,"27":2,"28":2,"29":5,"30":5,"31":4,"32":2,"33":2,"34":3,"35":3,"36":3,"37":2,"38":1,"39":1,"40":2,"41":5},"f":{"0":5,"1":2,"2":2,"3":3,"4":5,"5":3},"b":{"0":[1],"1":[3,2,2],"2":[2],"3":[1]}}
,"/home/anon/Documentos/Repositorios/brainz-quiz-backend/src/domain/useCases/questionUseCases.ts": {"path":"/home/anon/Documentos/Repositorios/brainz-quiz-backend/src/domain/useCases/questionUseCases.ts","statementMap":{"0":{"start":{"line":1,"column":0},"end":{"line":1,"column":48}},"1":{"start":{"line":4,"column":0},"end":{"line":4,"column":64}},"2":{"start":{"line":5,"column":0},"end":{"line":5,"column":67}},"3":{"start":{"line":18,"column":47},"end":{"line":18,"column":73}},"4":{"start":{"line":20,"column":2},"end":{"line":20,"column":100}},"5":{"start":{"line":21,"column":41},"end":{"line":21,"column":61}},"6":{"start":{"line":39,"column":4},"end":{"line":39,"column":12}},"7":{"start":{"line":34,"column":12},"end":{"line":34,"column":51}},"8":{"start":{"line":35,"column":12},"end":{"line":35,"column":41}},"9":{"start":{"line":36,"column":12},"end":{"line":36,"column":45}},"10":{"start":{"line":37,"column":12},"end":{"line":37,"column":41}},"11":{"start":{"line":43,"column":4},"end":{"line":52,"column":5}},"12":{"start":{"line":44,"column":17},"end":{"line":44,"column":52}},"13":{"start":{"line":45,"column":20},"end":{"line":45,"column":75}},"14":{"start":{"line":46,"column":22},"end":{"line":46,"column":81}},"15":{"start":{"line":47,"column":31},"end":{"line":47,"column":76}},"16":{"start":{"line":48,"column":6},"end":{"line":48,"column":66}},"17":{"start":{"line":49,"column":6},"end":{"line":49,"column":35}},"18":{"start":{"line":51,"column":6},"end":{"line":51,"column":30}},"19":{"start":{"line":56,"column":4},"end":{"line":65,"column":5}},"20":{"start":{"line":57,"column":6},"end":{"line":57,"column":62}},"21":{"start":{"line":58,"column":20},"end":{"line":58,"column":75}},"22":{"start":{"line":59,"column":22},"end":{"line":59,"column":81}},"23":{"start":{"line":60,"column":31},"end":{"line":60,"column":72}},"24":{"start":{"line":61,"column":6},"end":{"line":61,"column":66}},"25":{"start":{"line":62,"column":6},"end":{"line":62,"column":35}},"26":{"start":{"line":64,"column":6},"end":{"line":64,"column":30}},"27":{"start":{"line":69,"column":4},"end":{"line":77,"column":5}},"28":{"start":{"line":70,"column":21},"end":{"line":70,"column":65}},"29":{"start":{"line":71,"column":6},"end":{"line":73,"column":7}},"30":{"start":{"line":72,"column":8},"end":{"line":72,"column":72}},"31":{"start":{"line":74,"column":6},"end":{"line":74,"column":20}},"32":{"start":{"line":76,"column":6},"end":{"line":76,"column":30}},"33":{"start":{"line":81,"column":4},"end":{"line":88,"column":5}},"34":{"start":{"line":82,"column":6},"end":{"line":84,"column":7}},"35":{"start":{"line":83,"column":8},"end":{"line":83,"column":74}},"36":{"start":{"line":85,"column":6},"end":{"line":85,"column":51}},"37":{"start":{"line":87,"column":6},"end":{"line":87,"column":30}},"38":{"start":{"line":92,"column":4},"end":{"line":100,"column":5}},"39":{"start":{"line":93,"column":21},"end":{"line":93,"column":69}},"40":{"start":{"line":94,"column":6},"end":{"line":96,"column":7}},"41":{"start":{"line":95,"column":8},"end":{"line":95,"column":66}},"42":{"start":{"line":97,"column":6},"end":{"line":97,"column":20}},"43":{"start":{"line":99,"column":6},"end":{"line":99,"column":30}},"44":{"start":{"line":104,"column":4},"end":{"line":109,"column":5}},"45":{"start":{"line":105,"column":6},"end":{"line":105,"column":43}},"46":{"start":{"line":106,"column":6},"end":{"line":106,"column":49}},"47":{"start":{"line":108,"column":6},"end":{"line":108,"column":30}},"48":{"start":{"line":32,"column":0},"end":{"line":32,"column":13}}},"fnMap":{"0":{"name":"(anonymous_0)","decl":{"start":{"line":33,"column":2},"end":{"line":33,"column":null}},"loc":{"start":{"line":37,"column":41},"end":{"line":40,"column":3}}},"1":{"name":"(anonymous_1)","decl":{"start":{"line":42,"column":9},"end":{"line":42,"column":14}},"loc":{"start":{"line":42,"column":47},"end":{"line":53,"column":3}}},"2":{"name":"(anonymous_2)","decl":{"start":{"line":55,"column":9},"end":{"line":55,"column":14}},"loc":{"start":{"line":55,"column":47},"end":{"line":66,"column":3}}},"3":{"name":"(anonymous_3)","decl":{"start":{"line":68,"column":9},"end":{"line":68,"column":14}},"loc":{"start":{"line":68,"column":51},"end":{"line":78,"column":3}}},"4":{"name":"(anonymous_4)","decl":{"start":{"line":80,"column":9},"end":{"line":80,"column":14}},"loc":{"start":{"line":80,"column":49},"end":{"line":89,"column":3}}},"5":{"name":"(anonymous_5)","decl":{"start":{"line":91,"column":9},"end":{"line":91,"column":14}},"loc":{"start":{"line":91,"column":51},"end":{"line":101,"column":3}}},"6":{"name":"(anonymous_6)","decl":{"start":{"line":103,"column":9},"end":{"line":103,"column":14}},"loc":{"start":{"line":103,"column":47},"end":{"line":110,"column":3}}}},"branchMap":{"0":{"loc":{"start":{"line":71,"column":6},"end":{"line":73,"column":7}},"type":"if","locations":[{"start":{"line":71,"column":6},"end":{"line":73,"column":7}}]},"1":{"loc":{"start":{"line":82,"column":6},"end":{"line":84,"column":7}},"type":"if","locations":[{"start":{"line":82,"column":6},"end":{"line":84,"column":7}}]},"2":{"loc":{"start":{"line":82,"column":10},"end":{"line":82,"column":58}},"type":"binary-expr","locations":[{"start":{"line":82,"column":10},"end":{"line":82,"column":23}},{"start":{"line":82,"column":27},"end":{"line":82,"column":40}},{"start":{"line":82,"column":44},"end":{"line":82,"column":58}}]},"3":{"loc":{"start":{"line":94,"column":6},"end":{"line":96,"column":7}},"type":"if","locations":[{"start":{"line":94,"column":6},"end":{"line":96,"column":7}}]}},"s":{"0":6,"1":6,"2":6,"3":6,"4":6,"5":6,"6":6,"7":6,"8":6,"9":6,"10":6,"11":2,"12":2,"13":2,"14":1,"15":1,"16":1,"17":1,"18":1,"19":2,"20":2,"21":1,"22":1,"23":1,"24":1,"25":1,"26":1,"27":4,"28":4,"29":4,"30":2,"31":2,"32":2,"33":2,"34":2,"35":1,"36":1,"37":1,"38":2,"39":2,"40":2,"41":1,"42":1,"43":1,"44":2,"45":2,"46":1,"47":1,"48":6},"f":{"0":6,"1":2,"2":2,"3":4,"4":2,"5":2,"6":2},"b":{"0":[2],"1":[1],"2":[2,1,1],"3":[1]}}
,"/home/anon/Documentos/Repositorios/brainz-quiz-backend/src/domain/useCases/subjectUseCases.ts": {"path":"/home/anon/Documentos/Repositorios/brainz-quiz-backend/src/domain/useCases/subjectUseCases.ts","statementMap":{"0":{"start":{"line":1,"column":0},"end":{"line":1,"column":46}},"1":{"start":{"line":4,"column":0},"end":{"line":4,"column":64}},"2":{"start":{"line":5,"column":0},"end":{"line":5,"column":67}},"3":{"start":{"line":8,"column":13},"end":{"line":8,"column":79}},"4":{"start":{"line":9,"column":13},"end":{"line":10,"column":101}},"5":{"start":{"line":24,"column":4},"end":{"line":24,"column":12}},"6":{"start":{"line":21,"column":12},"end":{"line":21,"column":49}},"7":{"start":{"line":22,"column":12},"end":{"line":22,"column":41}},"8":{"start":{"line":28,"column":4},"end":{"line":35,"column":5}},"9":{"start":{"line":29,"column":17},"end":{"line":29,"column":52}},"10":{"start":{"line":30,"column":30},"end":{"line":30,"column":74}},"11":{"start":{"line":31,"column":6},"end":{"line":31,"column":64}},"12":{"start":{"line":32,"column":6},"end":{"line":32,"column":34}},"13":{"start":{"line":34,"column":6},"end":{"line":34,"column":30}},"14":{"start":{"line":39,"column":4},"end":{"line":46,"column":5}},"15":{"start":{"line":40,"column":6},"end":{"line":40,"column":43}},"16":{"start":{"line":41,"column":30},"end":{"line":41,"column":47}},"17":{"start":{"line":42,"column":6},"end":{"line":42,"column":64}},"18":{"start":{"line":43,"column":6},"end":{"line":43,"column":29}},"19":{"start":{"line":45,"column":6},"end":{"line":45,"column":30}},"20":{"start":{"line":50,"column":4},"end":{"line":58,"column":5}},"21":{"start":{"line":51,"column":21},"end":{"line":51,"column":64}},"22":{"start":{"line":52,"column":6},"end":{"line":54,"column":7}},"23":{"start":{"line":53,"column":8},"end":{"line":53,"column":71}},"24":{"start":{"line":55,"column":6},"end":{"line":55,"column":20}},"25":{"start":{"line":57,"column":6},"end":{"line":57,"column":30}},"26":{"start":{"line":62,"column":4},"end":{"line":69,"column":5}},"27":{"start":{"line":63,"column":6},"end":{"line":65,"column":7}},"28":{"start":{"line":64,"column":8},"end":{"line":64,"column":73}},"29":{"start":{"line":66,"column":6},"end":{"line":66,"column":56}},"30":{"start":{"line":68,"column":6},"end":{"line":68,"column":30}},"31":{"start":{"line":19,"column":0},"end":{"line":19,"column":13}}},"fnMap":{"0":{"name":"(anonymous_0)","decl":{"start":{"line":20,"column":2},"end":{"line":20,"column":null}},"loc":{"start":{"line":22,"column":41},"end":{"line":25,"column":3}}},"1":{"name":"(anonymous_1)","decl":{"start":{"line":27,"column":9},"end":{"line":27,"column":14}},"loc":{"start":{"line":27,"column":46},"end":{"line":36,"column":3}}},"2":{"name":"(anonymous_2)","decl":{"start":{"line":38,"column":9},"end":{"line":38,"column":14}},"loc":{"start":{"line":38,"column":36},"end":{"line":47,"column":3}}},"3":{"name":"(anonymous_3)","decl":{"start":{"line":49,"column":9},"end":{"line":49,"column":14}},"loc":{"start":{"line":49,"column":46},"end":{"line":59,"column":3}}},"4":{"name":"(anonymous_4)","decl":{"start":{"line":61,"column":9},"end":{"line":61,"column":14}},"loc":{"start":{"line":61,"column":48},"end":{"line":70,"column":3}}}},"branchMap":{"0":{"loc":{"start":{"line":52,"column":6},"end":{"line":54,"column":7}},"type":"if","locations":[{"start":{"line":52,"column":6},"end":{"line":54,"column":7}}]},"1":{"loc":{"start":{"line":63,"column":6},"end":{"line":65,"column":7}},"type":"if","locations":[{"start":{"line":63,"column":6},"end":{"line":65,"column":7}}]},"2":{"loc":{"start":{"line":63,"column":10},"end":{"line":63,"column":58}},"type":"binary-expr","locations":[{"start":{"line":63,"column":10},"end":{"line":63,"column":23}},{"start":{"line":63,"column":27},"end":{"line":63,"column":40}},{"start":{"line":63,"column":44},"end":{"line":63,"column":58}}]}},"s":{"0":4,"1":4,"2":4,"3":4,"4":4,"5":4,"6":4,"7":4,"8":2,"9":2,"10":2,"11":2,"12":1,"13":1,"14":2,"15":2,"16":1,"17":1,"18":1,"19":1,"20":5,"21":5,"22":4,"23":2,"24":2,"25":3,"26":3,"27":3,"28":1,"29":2,"30":2,"31":4},"f":{"0":4,"1":2,"2":2,"3":5,"4":3},"b":{"0":[2],"1":[1],"2":[3,2,2]}}
,"/home/anon/Documentos/Repositorios/brainz-quiz-backend/src/domain/useCases/userUseCases.ts": {"path":"/home/anon/Documentos/Repositorios/brainz-quiz-backend/src/domain/useCases/userUseCases.ts","statementMap":{"0":{"start":{"line":1,"column":0},"end":{"line":1,"column":49}},"1":{"start":{"line":5,"column":0},"end":{"line":5,"column":89}},"2":{"start":{"line":6,"column":0},"end":{"line":6,"column":76}},"3":{"start":{"line":22,"column":13},"end":{"line":22,"column":94}},"4":{"start":{"line":23,"column":13},"end":{"line":23,"column":98}},"5":{"start":{"line":24,"column":13},"end":{"line":24,"column":82}},"6":{"start":{"line":25,"column":13},"end":{"line":25,"column":73}},"7":{"start":{"line":26,"column":13},"end":{"line":26,"column":79}},"8":{"start":{"line":27,"column":13},"end":{"line":28,"column":98}},"9":{"start":{"line":29,"column":13},"end":{"line":29,"column":79}},"10":{"start":{"line":50,"column":4},"end":{"line":50,"column":12}},"11":{"start":{"line":44,"column":12},"end":{"line":44,"column":43}},"12":{"start":{"line":45,"column":12},"end":{"line":45,"column":41}},"13":{"start":{"line":46,"column":12},"end":{"line":46,"column":49}},"14":{"start":{"line":47,"column":12},"end":{"line":47,"column":43}},"15":{"start":{"line":48,"column":12},"end":{"line":48,"column":37}},"16":{"start":{"line":54,"column":4},"end":{"line":75,"column":5}},"17":{"start":{"line":55,"column":6},"end":{"line":57,"column":7}},"18":{"start":{"line":56,"column":8},"end":{"line":56,"column":71}},"19":{"start":{"line":59,"column":23},"end":{"line":59,"column":95}},"20":{"start":{"line":60,"column":6},"end":{"line":62,"column":7}},"21":{"start":{"line":61,"column":8},"end":{"line":61,"column":75}},"22":{"start":{"line":64,"column":17},"end":{"line":64,"column":52}},"23":{"start":{"line":66,"column":19},"end":{"line":66,"column":54}},"24":{"start":{"line":68,"column":6},"end":{"line":68,"column":100}},"25":{"start":{"line":70,"column":6},"end":{"line":70,"column":50}},"26":{"start":{"line":72,"column":6},"end":{"line":72,"column":29}},"27":{"start":{"line":74,"column":6},"end":{"line":74,"column":30}},"28":{"start":{"line":79,"column":4},"end":{"line":93,"column":5}},"29":{"start":{"line":80,"column":26},"end":{"line":80,"column":68}},"30":{"start":{"line":81,"column":6},"end":{"line":83,"column":7}},"31":{"start":{"line":82,"column":8},"end":{"line":82,"column":68}},"32":{"start":{"line":85,"column":27},"end":{"line":85,"column":48}},"33":{"start":{"line":86,"column":6},"end":{"line":86,"column":31}},"34":{"start":{"line":88,"column":6},"end":{"line":88,"column":58}},"35":{"start":{"line":90,"column":6},"end":{"line":90,"column":37}},"36":{"start":{"line":92,"column":6},"end":{"line":92,"column":30}},"37":{"start":{"line":97,"column":4},"end":{"line":107,"column":5}},"38":{"start":{"line":98,"column":21},"end":{"line":98,"column":63}},"39":{"start":{"line":99,"column":6},"end":{"line":101,"column":7}},"40":{"start":{"line":100,"column":8},"end":{"line":100,"column":68}},"41":{"start":{"line":104,"column":6},"end":{"line":104,"column":88}},"42":{"start":{"line":104,"column":59},"end":{"line":104,"column":78}},"43":{"start":{"line":106,"column":6},"end":{"line":106,"column":30}},"44":{"start":{"line":111,"column":4},"end":{"line":121,"column":5}},"45":{"start":{"line":112,"column":21},"end":{"line":112,"column":69}},"46":{"start":{"line":113,"column":6},"end":{"line":115,"column":7}},"47":{"start":{"line":114,"column":8},"end":{"line":114,"column":68}},"48":{"start":{"line":118,"column":6},"end":{"line":118,"column":88}},"49":{"start":{"line":118,"column":59},"end":{"line":118,"column":78}},"50":{"start":{"line":120,"column":6},"end":{"line":120,"column":30}},"51":{"start":{"line":125,"column":4},"end":{"line":132,"column":5}},"52":{"start":{"line":126,"column":6},"end":{"line":128,"column":7}},"53":{"start":{"line":127,"column":8},"end":{"line":127,"column":70}},"54":{"start":{"line":129,"column":6},"end":{"line":129,"column":53}},"55":{"start":{"line":131,"column":6},"end":{"line":131,"column":30}},"56":{"start":{"line":136,"column":4},"end":{"line":154,"column":5}},"57":{"start":{"line":137,"column":19},"end":{"line":137,"column":67}},"58":{"start":{"line":138,"column":6},"end":{"line":140,"column":7}},"59":{"start":{"line":139,"column":8},"end":{"line":139,"column":72}},"60":{"start":{"line":142,"column":21},"end":{"line":145,"column":8}},"61":{"start":{"line":146,"column":6},"end":{"line":148,"column":7}},"62":{"start":{"line":147,"column":8},"end":{"line":147,"column":70}},"63":{"start":{"line":151,"column":6},"end":{"line":151,"column":91}},"64":{"start":{"line":153,"column":6},"end":{"line":153,"column":30}},"65":{"start":{"line":158,"column":4},"end":{"line":164,"column":5}},"66":{"start":{"line":159,"column":19},"end":{"line":159,"column":52}},"67":{"start":{"line":160,"column":24},"end":{"line":160,"column":78}},"68":{"start":{"line":161,"column":6},"end":{"line":161,"column":67}},"69"
[...]
,"/home/anon/Documentos/Repositorios/brainz-quiz-backend/src/domain/useCases/__test__/levelUseCasesTest/testConstantsLevel.ts": {"path":"/home/anon/Documentos/Repositorios/brainz-quiz-backend/src/domain/useCases/__test__/levelUseCasesTest/testConstantsLevel.ts","statementMap":{"0":{"start":{"line":4,"column":13},"end":{"line":4,"column":71}},"1":{"start":{"line":5,"column":13},"end":{"line":5,"column":53}},"2":{"start":{"line":6,"column":13},"end":{"line":6,"column":39}},"3":{"start":{"line":7,"column":13},"end":{"line":7,"column":41}},"4":{"start":{"line":12,"column":13},"end":{"line":15,"column":2}},"5":{"start":{"line":17,"column":13},"end":{"line":21,"column":2}}},"fnMap":{},"branchMap":{},"s":{"0":14,"1":14,"2":14,"3":14,"4":14,"5":14},"f":{},"b":{}}
,"/home/anon/Documentos/Repositorios/brainz-quiz-backend/src/domain/useCases/__test__/optionUseCasesTest/testConstantsOption.ts": {"path":"/home/anon/Documentos/Repositorios/brainz-quiz-backend/src/domain/useCases/__test__/optionUseCasesTest/testConstantsOption.ts","statementMap":{"0":{"start":{"line":4,"column":13},"end":{"line":4,"column":72}},"1":{"start":{"line":5,"column":13},"end":{"line":5,"column":79}},"2":{"start":{"line":6,"column":13},"end":{"line":6,"column":54}},"3":{"start":{"line":7,"column":13},"end":{"line":7,"column":44}},"4":{"start":{"line":12,"column":13},"end":{"line":12,"column":47}},"5":{"start":{"line":13,"column":13},"end":{"line":13,"column":54}},"6":{"start":{"line":14,"column":13},"end":{"line":14,"column":51}},"7":{"start":{"line":20,"column":13},"end":{"line":23,"column":2}},"8":{"start":{"line":25,"column":13},"end":{"line":28,"column":2}},"9":{"start":{"line":30,"column":13},"end":{"line":33,"column":2}},"10":{"start":{"line":35,"column":13},"end":{"line":38,"column":2}}},"fnMap":{},"branchMap":{},"s":{"0":5,"1":5,"2":5,"3":5,"4":5,"5":5,"6":5,"7":5,"8":5,"9":5,"10":5},"f":{},"b":{}}
,"/home/anon/Documentos/Repositorios/brainz-quiz-backend/src/domain/useCases/__test__/profileUseCasesTest/testConstantsProfile.ts": {"path":"/home/anon/Documentos/Repositorios/brainz-quiz-backend/src/domain/useCases/__test__/profileUseCasesTest/testConstantsProfile.ts","statementMap":{"0":{"start":{"line":4,"column":13},"end":{"line":4,"column":73}},"1":{"start":{"line":5,"column":13},"end":{"line":5,"column":75}},"2":{"start":{"line":6,"column":13},"end":{"line":6,"column":45}},"3":{"start":{"line":7,"column":13},"end":{"line":7,"column":39}},"4":{"start":{"line":12,"column":13},"end":{"line":12,"column":42}},"5":{"start":{"line":13,"column":13},"end":{"line":13,"column":44}},"6":{"start":{"line":14,"column":13},"end":{"line":14,"column":39}},"7":{"start":{"line":19,"column":13},"end":{"line":23,"column":2}},"8":{"start":{"line":25,"column":13},"end":{"line":28,"column":2}}},"fnMap":{},"branchMap":{},"s":{"0":10,"1":10,"2":10,"3":10,"4":10,"5":10,"6":10,"7":10,"8":10},"f":{},"b":{}}
,"/home/anon/Documentos/Repositorios/brainz-quiz-backend/src/domain/useCases/__test__/subjectUseCasesTest/testConstantsSubject.ts": {"path":"/home/anon/Documentos/Repositorios/brainz-quiz-backend/src/domain/useCases/__test__/subjectUseCasesTest/testConstantsSubject.ts","statementMap":{"0":{"start":{"line":4,"column":13},"end":{"line":4,"column":73}},"1":{"start":{"line":5,"column":13},"end":{"line":5,"column":55}},"2":{"start":{"line":6,"column":13},"end":{"line":6,"column":43}},"3":{"start":{"line":11,"column":13},"end":{"line":13,"column":2}},"4":{"start":{"line":15,"column":13},"end":{"line":19,"column":2}}},"fnMap":{},"branchMap":{},"s":{"0":14,"1":14,"2":14,"3":14,"4":14},"f":{},"b":{}}
,"/home/anon/Documentos/Repositorios/brainz-quiz-backend/src/domain/useCases/__test__/userUseCasesTest/testConstantsUserUseCases.ts": {"path":"/home/anon/Documentos/Repositorios/brainz-quiz-backend/src/domain/useCases/__test__/userUseCasesTest/testConstantsUserUseCases.ts","statementMap":{"0":{"start":{"line":1,"column":0},"end":{"line":1,"column":53}},"1":{"start":{"line":6,"column":13},"end":{"line":6,"column":70}},"2":{"start":{"line":7,"column":13},"end":{"line":7,"column":52}},"3":{"start":{"line":8,"column":13},"end":{"line":8,"column":49}},"4":{"start":{"line":9,"column":13},"end":{"line":9,"column":46}},"5":{"start":{"line":10,"column":13},"end":{"line":10,"column":55}},"6":{"start":{"line":11,"column":13},"end":{"line":11,"column":62}},"7":{"start":{"line":16,"column":13},"end":{"line":16,"column":49}},"8":{"start":{"line":17,"column":13},"end":{"line":17,"column":49}},"9":{"start":{"line":18,"column":13},"end":{"line":18,"column":47}},"10":{"start":{"line":19,"column":13},"end":{"line":19,"column":43}},"11":{"start":{"line":24,"column":13},"end":{"line":28,"column":2}},"12":{"start":{"line":30,"column":13},"end":{"line":33,"column":2}},"13":{"start":{"line":35,"column":13},"end":{"line":40,"column":2}},"14":{"start":{"line":42,"column":13},"end":{"line":45,"column":2}},"15":{"start":{"line":47,"column":13},"end":{"line":50,"column":2}},"16":{"start":{"line":52,"column":13},"end":{"line":55,"column":2}}},"fnMap":{},"branchMap":{},"s":{"0":16,"1":16,"2":16,"3":16,"4":16,"5":16,"6":16,"7":16,"8":16,"9":16,"10":16,"11":16,"12":16,"13":16,"14":16,"15":16,"16":16},"f":{},"b":{}}
,"/home/anon/Documentos/Repositorios/brainz-quiz-backend/src/domain/util/constraints/emailValidator.ts": {"path":"/home/anon/Documentos/Repositorios/brainz-quiz-backend/src/domain/util/constraints/emailValidator.ts","statementMap":{"0":{"start":{"line":1,"column":0},"end":{"line":1,"column":60}},"1":{"start":{"line":3,"column":13},"end":{"line":3,"column":71}},"2":{"start":{"line":6,"column":2},"end":{"line":22,"column":4}},"3":{"start":{"line":7,"column":17},"end":{"line":7,"column":28}},"4":{"start":{"line":9,"column":19},"end":{"line":9,"column":31}},"5":{"start":{"line":9,"column":25},"end":{"line":9,"column":31}},"6":{"start":{"line":10,"column":19},"end":{"line":15,"column":5}},"7":{"start":{"line":11,"column":6},"end":{"line":13,"column":7}},"8":{"start":{"line":12,"column":8},"end":{"line":12,"column":57}},"9":{"start":{"line":14,"column":6},"end":{"line":14,"column":21}},"10":{"start":{"line":17,"column":4},"end":{"line":21,"column":7}},"11":{"start":{"line":5,"column":0},"end":{"line":5,"column":16}},"12":{"start":{"line":26,"column":21},"end":{"line":26,"column":49}},"13":{"start":{"line":27,"column":2},"end":{"line":27,"column":32}},"14":{"start":{"line":25,"column":0},"end":{"line":25,"column":16}}},"fnMap":{"0":{"name":"Email","decl":{"start":{"line":5,"column":16},"end":{"line":5,"column":21}},"loc":{"start":{"line":5,"column":21},"end":{"line":23,"column":1}}},"1":{"name":"(anonymous_1)","decl":{"start":{"line":6,"column":9},"end":{"line":6,"column":10}},"loc":{"start":{"line":6,"column":38},"end":{"line":22,"column":3}}},"2":{"name":"(anonymous_2)","decl":{"start":{"line":9,"column":19},"end":{"line":9,"column":22}},"loc":{"start":{"line":9,"column":25},"end":{"line":9,"column":31}}},"3":{"name":"(anonymous_3)","decl":{"start":{"line":10,"column":19},"end":{"line":10,"column":20}},"loc":{"start":{"line":10,"column":37},"end":{"line":15,"column":5}}},"4":{"name":"isValidEmail","decl":{"start":{"line":25,"column":16},"end":{"line":25,"column":28}},"loc":{"start":{"line":25,"column":42},"end":{"line":28,"column":1}}}},"branchMap":{"0":{"loc":{"start":{"line":11,"column":6},"end":{"line":13,"column":7}},"type":"if","locations":[{"start":{"line":11,"column":6},"end":{"line":13,"column":7}}]}},"s":{"0":48,"1":48,"2":18,"3":18,"4":18,"5":10,"6":18,"7":12,"8":1,"9":11,"10":18,"11":48,"12":14,"13":14,"14":48},"f":{"0":18,"1":18,"2":10,"3":12,"4":14},"b":{"0":[1]}}
,"/home/anon/Documentos/Repositorios/brainz-quiz-backend/src/domain/util/constraints/enumValidation.ts": {"path":"/home/anon/Documentos/Repositorios/brainz-quiz-backend/src/domain/util/constraints/enumValidation.ts","statementMap":{"0":{"start":{"line":1,"column":0},"end":{"line":1,"column":60}},"1":{"start":{"line":3,"column":13},"end":{"line":3,"column":56}},"2":{"start":{"line":6,"column":2},"end":{"line":23,"column":4}},"3":{"start":{"line":7,"column":17},"end":{"line":7,"column":28}},"4":{"start":{"line":8,"column":22},"end":{"line":8,"column":43}},"5":{"start":{"line":10,"column":19},"end":{"line":10,"column":31}},"6":{"start":{"line":10,"column":25},"end":{"line":10,"column":31}},"7":{"start":{"line":11,"column":19},"end":{"line":16,"column":5}},"8":{"start":{"line":12,"column":6},"end":{"line":14,"column":7}},"9":{"start":{"line":13,"column":8},"end":{"line":13,"column":74}},"10":{"start":{"line":15,"column":6},"end":{"line":15,"column":21}},"11":{"start":{"line":18,"column":4},"end":{"line":22,"column":7}},"12":{"start":{"line":5,"column":0},"end":{"line":5,"column":16}},"13":{"start":{"line":27,"column":31},"end":{"line":27,"column":54}},"14":{"start":{"line":28,"column":2},"end":{"line":28,"column":36}},"15":{"start":{"line":26,"column":0},"end":{"line":26,"column":16}}},"fnMap":{"0":{"name":"EnumType","decl":{"start":{"line":5,"column":16},"end":{"line":5,"column":24}},"loc":{"start":{"line":5,"column":57},"end":{"line":24,"column":1}}},"1":{"name":"(anonymous_1)","decl":{"start":{"line":6,"column":9},"end":{"line":6,"column":10}},"loc":{"start":{"line":6,"column":38},"end":{"line":23,"column":3}}},"2":{"name":"(anonymous_2)","decl":{"start":{"line":10,"column":19},"end":{"line":10,"column":22}},"loc":{"start":{"line":10,"column":25},"end":{"line":10,"column":31}}},"3":{"name":"(anonymous_3)","decl":{"start":{"line":11,"column":19},"end":{"line":11,"column":20}},"loc":{"start":{"line":11,"column":37},"end":{"line":16,"column":5}}},"4":{"name":"isValidEnumValue","decl":{"start":{"line":26,"column":16},"end":{"line":26,"column":32}},"loc":{"start":{"line":26,"column":80},"end":{"line":29,"column":1}}}},"branchMap":{"0":{"loc":{"start":{"line":12,"column":6},"end":{"line":14,"column":7}},"type":"if","locations":[{"start":{"line":12,"column":6},"end":{"line":14,"column":7}}]}},"s":{"0":47,"1":47,"2":18,"3":18,"4":18,"5":18,"6":10,"7":18,"8":12,"9":2,"10":10,"11":18,"12":47,"13":14,"14":14,"15":47},"f":{"0":18,"1":18,"2":10,"3":12,"4":14},"b":{"0":[2]}}
,"/home/anon/Documentos/Repositorios/brainz-quiz-backend/src/domain/util/constraints/index.ts": {"path":"/home/anon/Documentos/Repositorios/brainz-quiz-backend/src/domain/util/constraints/index.ts","statementMap":{"0":{"start":{"line":1,"column":0},"end":{"line":1,"column":33}},"1":{"start":{"line":2,"column":0},"end":{"line":2,"column":33}},"2":{"start":{"line":3,"column":0},"end":{"line":3,"column":37}},"3":{"start":{"line":4,"column":0},"end":{"line":4,"column":32}}},"fnMap":{},"branchMap":{},"s":{"0":31,"1":31,"2":31,"3":31},"f":{},"b":{}}
,"/home/anon/Documentos/Repositorios/brainz-quiz-backend/src/domain/util/constraints/notEmpty.ts": {"path":"/home/anon/Documentos/Repositorios/brainz-quiz-backend/src/domain/util/constraints/notEmpty.ts","statementMap":{"0":{"start":{"line":1,"column":0},"end":{"line":1,"column":44}},"1":{"start":{"line":3,"column":13},"end":{"line":3,"column":66}},"2":{"start":{"line":6,"column":2},"end":{"line":23,"column":4}},"3":{"start":{"line":7,"column":17},"end":{"line":7,"column":28}},"4":{"start":{"line":8,"column":22},"end":{"line":8,"column":43}},"5":{"start":{"line":10,"column":19},"end":{"line":10,"column":31}},"6":{"start":{"line":10,"column":25},"end":{"line":10,"column":31}},"7":{"start":{"line":11,"column":19},"end":{"line":16,"column":5}},"8":{"start":{"line":12,"column":6},"end":{"line":14,"column":7}},"9":{"start":{"line":13,"column":8},"end":{"line":13,"column":86}},"10":{"start":{"line":15,"column":6},"end":{"line":15,"column":21}},"11":{"start":{"line":18,"column":4},"end":{"line":22,"column":7}},"12":{"start":{"line":5,"column":0},"end":{"line":5,"column":16}},"13":{"start":{"line":27,"column":2},"end":{"line":29,"column":3}},"14":{"start":{"line":28,"column":4},"end":{"line":28,"column":17}},"15":{"start":{"line":30,"column":2},"end":{"line":30,"column":14}},"16":{"start":{"line":26,"column":0},"end":{"line":26,"column":16}}},"fnMap":{"0":{"name":"NotEmpty","decl":{"start":{"line":5,"column":16},"end":{"line":5,"column":24}},"loc":{"start":{"line":5,"column":24},"end":{"line":24,"column":1}}},"1":{"name":"(anonymous_1)","decl":{"start":{"line":6,"column":9},"end":{"line":6,"column":10}},"loc":{"start":{"line":6,"column":38},"end":{"line":23,"column":3}}},"2":{"name":"(anonymous_2)","decl":{"start":{"line":10,"column":19},"end":{"line":10,"column":22}},"loc":{"start":{"line":10,"column":25},"end":{"line":10,"column":31}}},"3":{"name":"(anonymous_3)","decl":{"start":{"line":11,"column":19},"end":{"line":11,"column":20}},"loc":{"start":{"line":11,"column":37},"end":{"line":16,"column":5}}},"4":{"name":"isNotEmpty","decl":{"start":{"line":26,"column":16},"end":{"line":26,"column":26}},"loc":{"start":{"line":26,"column":40},"end":{"line":31,"column":1}}}},"branchMap":{"0":{"loc":{"start":{"line":12,"column":6},"end":{"line":14,"column":7}},"type":"if","locations":[{"start":{"line":12,"column":6},"end":{"line":14,"column":7}}]},"1":{"loc":{"start":{"line":27,"column":2},"end":{"line":29,"column":3}},"type":"if","locations":[{"start":{"line":27,"column":2},"end":{"line":29,"column":3}}]},"2":{"loc":{"start":{"line":27,"column":6},"end":{"line":27,"column":35}},"type":"binary-expr","locations":[{"start":{"line":27,"column":6},"end":{"line":27,"column":12}},{"start":{"line":27,"column":16},"end":{"line":27,"column":35}}]}},"s":{"0":30,"1":30,"2":43,"3":43,"4":43,"5":43,"6":50,"7":43,"8":52,"9":6,"10":46,"11":43,"12":30,"13":54,"14":7,"15":47,"16":30},"f":{"0":43,"1":43,"2":50,"3":52,"4":54},"b":{"0":[6],"1":[7],"2":[54,47]}}
,"/home/anon/Documentos/Repositorios/brainz-quiz-backend/src/domain/util/constraints/passwordValidation.ts": {"path":"/home/anon/Documentos/Repositorios/brainz-quiz-backend/src/domain/util/constraints/passwordValidation.ts","statementMap":{"0":{"start":{"line":1,"column":0},"end":{"line":1,"column":60}},"1":{"start":{"line":3,"column":13},"end":{"line":3,"column":91}},"2":{"start":{"line":6,"column":2},"end":{"line":22,"column":4}},"3":{"start":{"line":7,"column":20},"end":{"line":7,"column":31}},"4":{"start":{"line":9,"column":19},"end":{"line":9,"column":34}},"5":{"start":{"line":9,"column":25},"end":{"line":9,"column":34}},"6":{"start":{"line":10,"column":19},"end":{"line":15,"column":5}},"7":{"start":{"line":11,"column":6},"end":{"line":13,"column":7}},"8":{"start":{"line":12,"column":8},"end":{"line":12,"column":60}},"9":{"start":{"line":14,"column":6},"end":{"line":14,"column":27}},"10":{"start":{"line":17,"column":4},"end":{"line":21,"column":7}},"11":{"start":{"line":5,"column":0},"end":{"line":5,"column":16}},"12":{"start":{"line":26,"column":2},"end":{"line":28,"column":3}},"13":{"start":{"line":27,"column":4},"end":{"line":27,"column":17}},"14":{"start":{"line":29,"column":2},"end":{"line":29,"column":14}},"15":{"start":{"line":25,"column":0},"end":{"line":25,"column":16}}},"fnMap":{"0":{"name":"Password","decl":{"start":{"line":5,"column":16},"end":{"line":5,"column":24}},"loc":{"start":{"line":5,"column":24},"end":{"line":23,"column":1}}},"1":{"name":"(anonymous_1)","decl":{"start":{"line":6,"column":9},"end":{"line":6,"column":10}},"loc":{"start":{"line":6,"column":38},"end":{"line":22,"column":3}}},"2":{"name":"(anonymous_2)","decl":{"start":{"line":9,"column":19},"end":{"line":9,"column":22}},"loc":{"start":{"line":9,"column":25},"end":{"line":9,"column":34}}},"3":{"name":"(anonymous_3)","decl":{"start":{"line":10,"column":19},"end":{"line":10,"column":20}},"loc":{"start":{"line":10,"column":40},"end":{"line":15,"column":5}}},"4":{"name":"isValidPassword","decl":{"start":{"line":25,"column":16},"end":{"line":25,"column":31}},"loc":{"start":{"line":25,"column":48},"end":{"line":30,"column":1}}}},"branchMap":{"0":{"loc":{"start":{"line":11,"column":6},"end":{"line":13,"column":7}},"type":"if","locations":[{"start":{"line":11,"column":6},"end":{"line":13,"column":7}}]},"1":{"loc":{"start":{"line":26,"column":2},"end":{"line":28,"column":3}},"type":"if","locations":[{"start":{"line":26,"column":2},"end":{"line":28,"column":3}}]},"2":{"loc":{"start":{"line":26,"column":6},"end":{"line":26,"column":64}},"type":"binary-expr","locations":[{"start":{"line":26,"column":6},"end":{"line":26,"column":15}},{"start":{"line":26,"column":19},"end":{"line":26,"column":41}},{"start":{"line":26,"column":45},"end":{"line":26,"column":64}}]}},"s":{"0":48,"1":48,"2":18,"3":18,"4":18,"5":6,"6":18,"7":13,"8":1,"9":12,"10":18,"11":48,"12":15,"13":2,"14":13,"15":48},"f":{"0":18,"1":18,"2":6,"3":13,"4":15},"b":{"0":[1],"1":[2],"2":[15,14,14]}}
,"/home/anon/Documentos/Repositorios/brainz-quiz-backend/src/domain/util/constraints/uuidValidator.ts": {"path":"/home/anon/Documentos/Repositorios/brainz-quiz-backend/src/domain/util/constraints/uuidValidator.ts","statementMap":{"0":{"start":{"line":1,"column":0},"end":{"line":1,"column":60}},"1":{"start":{"line":3,"column":13},"end":{"line":3,"column":72}},"2":{"start":{"line":6,"column":2},"end":{"line":23,"column":4}},"3":{"start":{"line":7,"column":17},"end":{"line":7,"column":28}},"4":{"start":{"line":8,"column":22},"end":{"line":8,"column":43}},"5":{"start":{"line":10,"column":19},"end":{"line":10,"column":31}},"6":{"start":{"line":10,"column":25},"end":{"line":10,"column":31}},"7":{"start":{"line":11,"column":19},"end":{"line":16,"column":5}},"8":{"start":{"line":12,"column":6},"end":{"line":14,"column":7}},"9":{"start":{"line":13,"column":8},"end":{"line":13,"column":76}},"10":{"start":{"line":15,"column":6},"end":{"line":15,"column":21}},"11":{"start":{"line":18,"column":4},"end":{"line":22,"column":7}},"12":{"start":{"line":5,"column":0},"end":{"line":5,"column":16}},"13":{"start":{"line":44,"column":20},"end":{"line":44,"column":99}},"14":{"start":{"line":45,"column":2},"end":{"line":45,"column":31}},"15":{"start":{"line":43,"column":0},"end":{"line":43,"column":16}}},"fnMap":{"0":{"name":"Uuid","decl":{"start":{"line":5,"column":16},"end":{"line":5,"column":20}},"loc":{"start":{"line":5,"column":20},"end":{"line":24,"column":1}}},"1":{"name":"(anonymous_1)","decl":{"start":{"line":6,"column":9},"end":{"line":6,"column":10}},"loc":{"start":{"line":6,"column":38},"end":{"line":23,"column":3}}},"2":{"name":"(anonymous_2)","decl":{"start":{"line":10,"column":19},"end":{"line":10,"column":22}},"loc":{"start":{"line":10,"column":25},"end":{"line":10,"column":31}}},"3":{"name":"(anonymous_3)","decl":{"start":{"line":11,"column":19},"end":{"line":11,"column":20}},"loc":{"start":{"line":11,"column":37},"end":{"line":16,"column":5}}},"4":{"name":"isValidUuid","decl":{"start":{"line":43,"column":16},"end":{"line":43,"column":27}},"loc":{"start":{"line":43,"column":41},"end":{"line":46,"column":1}}}},"branchMap":{"0":{"loc":{"start":{"line":12,"column":6},"end":{"line":14,"column":7}},"type":"if","locations":[{"start":{"line":12,"column":6},"end":{"line":14,"column":7}}]}},"s":{"0":47,"1":47,"2":73,"3":73,"4":73,"5":73,"6":75,"7":73,"8":90,"9":8,"10":82,"11":73,"12":47,"13":90,"14":90,"15":47},"f":{"0":73,"1":73,"2":75,"3":90,"4":90},"b":{"0":[8]}}
}
