{"/home/anon/Documentos/Repositorios/brainz-quiz-backend/src/domain/entities/role.ts": {"path":"/home/anon/Documentos/Repositorios/brainz-quiz-backend/src/domain/entities/role.ts","statementMap":{"0":{"start":{"line":1,"column":0},"end":{"line":1,"column":null}},"1":{"start":{"line":2,"column":2},"end":{"line":2,"column":null}},"2":{"start":{"line":3,"column":2},"end":{"line":3,"column":null}}},"fnMap":{"0":{"name":"(anonymous_0)","decl":{"start":{"line":1,"column":0},"end":{"line":1,"column":12}},"loc":{"start":{"line":1,"column":20},"end":{"line":4,"column":1}}}},"branchMap":{"0":{"loc":{"start":{"line":1,"column":12},"end":{"line":1,"column":null}},"type":"binary-expr","locations":[{"start":{"line":1,"column":12},"end":{"line":1,"column":20}},{"start":{"line":1,"column":20},"end":{"line":1,"column":null}}]}},"s":{"0":14,"1":14,"2":14},"f":{"0":14},"b":{"0":[14,14]}}
,"/home/anon/Documentos/Repositorios/brainz-quiz-backend/src/domain/interfaces/controllers/baseController.ts": {"path":"/home/anon/Documentos/Repositorios/brainz-quiz-backend/src/domain/interfaces/controllers/baseController.ts","statementMap":{"0":{"start":{"line":1,"column":0},"end":{"line":1,"column":61}},"1":{"start":{"line":6,"column":4},"end":{"line":13,"column":5}},"2":{"start":{"line":7,"column":6},"end":{"line":12,"column":8}},"3":{"start":{"line":14,"column":4},"end":{"line":17,"column":6}},"4":{"start":{"line":4,"column":0},"end":{"line":4,"column":30}}},"fnMap":{"0":{"name":"(anonymous_0)","decl":{"start":{"line":5,"column":12},"end":{"line":5,"column":30}},"loc":{"start":{"line":5,"column":45},"end":{"line":18,"column":3}}}},"branchMap":{"0":{"loc":{"start":{"line":6,"column":4},"end":{"line":13,"column":5}},"type":"if","locations":[{"start":{"line":6,"column":4},"end":{"line":13,"column":5}}]}},"s":{"0":7,"1":13,"2":6,"3":7,"4":7},"f":{"0":13},"b":{"0":[6]}}
,"/home/anon/Documentos/Repositorios/brainz-quiz-backend/src/domain/interfaces/controllers/userController.ts": {"path":"/home/anon/Documentos/Repositorios/brainz-quiz-backend/src/domain/interfaces/controllers/userController.ts","statementMap":{"0":{"start":{"line":3,"column":0},"end":{"line":3,"column":46}},"1":{"start":{"line":5,"column":0},"end":{"line":5,"column":53}},"2":{"start":{"line":25,"column":4},"end":{"line":25,"column":12}},"3":{"start":{"line":24,"column":22},"end":{"line":24,"column":48}},"4":{"start":{"line":32,"column":4},"end":{"line":45,"column":5}},"5":{"start":{"line":33,"column":19},"end":{"line":33,"column":67}},"6":{"start":{"line":34,"column":29},"end":{"line":40,"column":8}},"7":{"start":{"line":41,"column":21},"end":{"line":41,"column":66}},"8":{"start":{"line":42,"column":6},"end":{"line":42,"column":58}},"9":{"start":{"line":44,"column":6},"end":{"line":44,"column":55}},"10":{"start":{"line":52,"column":4},"end":{"line":65,"column":5}},"11":{"start":{"line":53,"column":19},"end":{"line":53,"column":67}},"12":{"start":{"line":54,"column":29},"end":{"line":60,"column":8}},"13":{"start":{"line":61,"column":21},"end":{"line":61,"column":66}},"14":{"start":{"line":62,"column":6},"end":{"line":62,"column":58}},"15":{"start":{"line":64,"column":6},"end":{"line":64,"column":55}},"16":{"start":{"line":72,"column":4},"end":{"line":82,"column":5}},"17":{"start":{"line":73,"column":19},"end":{"line":73,"column":80}},"18":{"start":{"line":74,"column":19},"end":{"line":77,"column":8}},"19":{"start":{"line":78,"column":21},"end":{"line":78,"column":60}},"20":{"start":{"line":79,"column":6},"end":{"line":79,"column":58}},"21":{"start":{"line":81,"column":6},"end":{"line":81,"column":55}},"22":{"start":{"line":89,"column":4},"end":{"line":99,"column":5}},"23":{"start":{"line":90,"column":19},"end":{"line":90,"column":80}},"24":{"start":{"line":91,"column":19},"end":{"line":94,"column":8}},"25":{"start":{"line":95,"column":21},"end":{"line":95,"column":60}},"26":{"start":{"line":96,"column":6},"end":{"line":96,"column":58}},"27":{"start":{"line":98,"column":6},"end":{"line":98,"column":55}},"28":{"start":{"line":106,"column":4},"end":{"line":116,"column":5}},"29":{"start":{"line":107,"column":19},"end":{"line":107,"column":82}},"30":{"start":{"line":108,"column":19},"end":{"line":111,"column":8}},"31":{"start":{"line":112,"column":21},"end":{"line":112,"column":62}},"32":{"start":{"line":113,"column":6},"end":{"line":113,"column":58}},"33":{"start":{"line":115,"column":6},"end":{"line":115,"column":55}},"34":{"start":{"line":123,"column":4},"end":{"line":129,"column":5}},"35":{"start":{"line":124,"column":18},"end":{"line":124,"column":70}},"36":{"start":{"line":125,"column":21},"end":{"line":125,"column":60}},"37":{"start":{"line":126,"column":6},"end":{"line":126,"column":58}},"38":{"start":{"line":128,"column":6},"end":{"line":128,"column":55}},"39":{"start":{"line":136,"column":4},"end":{"line":147,"column":5}},"40":{"start":{"line":137,"column":20},"end":{"line":137,"column":105}},"41":{"start":{"line":138,"column":19},"end":{"line":142,"column":8}},"42":{"start":{"line":143,"column":21},"end":{"line":143,"column":57}},"43":{"start":{"line":144,"column":6},"end":{"line":144,"column":58}},"44":{"start":{"line":146,"column":6},"end":{"line":146,"column":55}},"45":{"start":{"line":23,"column":0},"end":{"line":23,"column":13}}},"fnMap":{"0":{"name":"(anonymous_1)","decl":{"start":{"line":24,"column":2},"end":{"line":24,"column":22}},"loc":{"start":{"line":24,"column":48},"end":{"line":26,"column":3}}},"1":{"name":"(anonymous_2)","decl":{"start":{"line":31,"column":9},"end":{"line":31,"column":14}},"loc":{"start":{"line":31,"column":52},"end":{"line":46,"column":3}}},"2":{"name":"(anonymous_3)","decl":{"start":{"line":51,"column":9},"end":{"line":51,"column":14}},"loc":{"start":{"line":51,"column":53},"end":{"line":66,"column":3}}},"3":{"name":"(anonymous_4)","decl":{"start":{"line":71,"column":9},"end":{"line":71,"column":14}},"loc":{"start":{"line":71,"column":51},"end":{"line":83,"column":3}}},"4":{"name":"(anonymous_5)","decl":{"start":{"line":88,"column":9},"end":{"line":88,"column":14}},"loc":{"start":{"line":88,"column":51},"end":{"line":100,"column":3}}},"5":{"name":"(anonymous_6)","decl":{"start":{"line":105,"column":9},"end":{"line":105,"column":14}},"loc":{"start":{"line":105,"column":53},"end":{"line":117,"column":3}}},"6":{"name":"(anonymous_7)","decl":{"start":{"line":122,"column":9},"end":{"line":122,"column":14}},"loc":{"start":{"line":122,"column":49},"end":{"line":130,"column":3}}},"7":{"name":"(anonymous_8)","decl":{"start":{"line":135,"column":9},"end":{"line":135,"column":14}},"loc":{"start":{"line":135,"column":48},"end":{"line":148,"column":3}}}},"branchMap":{"0":{"loc":{"start":{"line":35,"column":15},"end":{"line":35,"column":41}},"type":"binary-expr","locations":[{"start":{"line":35,"column":15},"end":{"line":35,"column":35}},{"start":{"line":35,"column":39},"end":{"line":35,"column":41}}]},"1":{"loc":{"start":{"line":36,"column":16},"end":{"line":36,"column":43}},"type":"binary-expr","locations":[{"start":{"line":36,"column":16},"end":{"line":36,"column":37}},{"start":{"line":36,"column":41},"end":{"line":36,"column":43}}]},"2":{"loc":{"start":{"line":37,"column":17},"end":{"line":37,"column":45}},"type":"binary-expr","locations":[{"start":{"line":37,"column":17},"end":{"line":37,"column":39}},{"start":{"line":37,"column":43},"end":{"line":37,"column":45}}]},"3":{"loc":{"start":{"line":38,"column":19},"end":{"line":38,"column":49}},"type":"binary-expr","locations":[{"start":{"line":38,"column":19},"end":{"line":38,"column":43}},{"start":{"line":38,"column":47},"end":{"line":38,"column":49}}]},"4":{"loc":{"start":{"line":55,"column":15},"end":{"line":55,"column":41}},"type":"binary-expr","locations":[{"start":{"line":55,"column":15},"end":{"line":55,"column":35}},{"start":{"line":55,"column":39},"end":{"line":55,"column":41}}]},"5":{"loc":{"start":{"line":56,"column":16},"end":{"line":56,"column":43}},"type":"binary-expr","locations":[{"start":{"line":56,"column":16},"end":{"line":56,"column":37}},{"start":{"line":56,"column":41},"end":{"line":56,"column":43}}]},"6":{"loc":{"start":{"line":57,"column":17},"end":{"line":57,"column":45}},"type":"binary-expr","locations":[{"start":{"line":57,"column":17},"end":{"line":57,"column":39}},{"start":{"line":57,"column":43},"end":{"line":57,"column":45}}]},"7":{"loc":{"start":{"line":58,"column":19},"end":{"line":58,"column":49}},"type":"binary-expr","locations":[{"start":{"line":58,"column":19},"end":{"line":58,"column":43}},{"start":{"line":58,"column":47},"end":{"line":58,"column":49}}]},"8":{"loc":{"start":{"line":75,"column":13},"end":{"line":75,"column":37}},"type":"binary-expr","locations":[{"start":{"line":75,"column":13},"end":{"line":75,"column":31}},{"start":{"line":75,"column":35},"end":{"line":75,"column":37}}]},"9":{"loc":{"start":{"line":76,"column":15},"end":{"line":76,"column":41}},"type":"binary-expr","locations":[{"start":{"line":76,"column":15},"end":{"line":76,"column":35}},{"start":{"line":76,"column":39},"end":{"line":76,"column":41}}]},"10":{"loc":{"start":{"line":92,"column":13},"end":{"line":92,"column":37}},"type":"binary-expr","locations":[{"start":{"line":92,"column":13},"end":{"line":92,"column":31}},{"start":{"line":92,"column":35},"end":{"line":92,"column":37}}]},"11":{"loc":{"start":{"line":93,"column":15},"end":{"line":93,"column":41}},"type":"binary-expr","locations":[{"start":{"line":93,"column":15},"end":{"line":93,"column":35}},{"start":{"line":93,"column":39},"end":{"line":93,"column":41}}]},"12":{"loc":{"start":{"line":109,"column":13},"end":{"line":109,"column":37}},"type":"binary-expr","locations":[{"start":{"line":109,"column":13},"end":{"line":109,"column":31}},{"start":{"line":109,"column":35},"end":{"line":109,"column":37}}]},"13":{"loc":{"start":{"line":110,"column":17},"end":{"line":110,"column":45}},"type":"binary-expr","locations":[{"start":{"line":110,"column":17},"end":{"line":110,"column":39}},{"start":{"line":110,"column":43},"end":{"line":110,"column":45}}]},"14":{"loc":{"start":{"line":124,"column":18},"end":{"line":124,"column":70}},"type":"binary-expr","locations":[{"start":{"line":124,"column":18},"end":{"line":124,"column":64}},{"start":{"line":124,"column":68},"end":{"line":124,"column":70}}]},"15":{"loc":{"start":{"line":137,"column":20},"end":{"line":137,"column":105}},"type":"binary-expr","locations":[{"start":{"line":137,"column":20},"end":{"line":137,"column":99}},{"start":{"line":137,"column":103},"end":{"line":137,"column":105}}]},"16":{"loc":{"start":{"line":139,"column":16},"end":{"line":139,"column":44}},"type":"binary-expr","locations":[{"start":{"line":139,"column":16},"end":{"line":139,"column":38}},{"start":{"line":139,"column":42},"end":{"line":139,"column":44}}]},"17":{"loc":{"start":{"line":140,"column":15},"end":{"line":140,"column":41}},"type":"binary-expr","locations":[{"start":{"line":140,"column":15},"end":{"line":140,"column":36}},{"start":{"line":140,"column":40},"end":{"line":140,"column":41}}]},"18":{"loc":{"start":{"line":141,"column":15},"end":{"line":141,"column":41}},"type":"binary-expr","locations":[{"start":{"line":141,"column":15},"end":{"line":141,"column":36}},{"start":{"line":141,"column":40},"end":{"line":141,"column":41}}]}},"s":{"0":7,"1":7,"2":7,"3":7,"4":4,"5":4,"6":4,"7":4,"8":2,"9":2,"10":4,"11":4,"12":4,"13":4,"14":2,"15":2,"16":4,"17":4,"18":4,"19":4,"20":2,"21":2,"22":4,"23":4,"24":4,"25":4,"26":2,"27":2,"28":4,"29":4,"30":4,"31":4,"32":2,"33":2,"34":4,"35":4,"36":4,"37":2,"38":2,"39":3,"40":3,"41":3,"42":3,"43":2,"44":1,"45":7},"f":{"0":7,"1":4,"2":4,"3":4,"4":4,"5":4,"6":4,"7":3},"b":{"0":[4,3],"1":[4,3],"2":[4,3],"3":[4,3],"4":[4,3],"5":[4,3],"6":[4,3],"7":[4,3],"8":[4,2],"9":[4,2],"10":[4,2],"11":[4,2],"12":[4,2],"13":[4,2],"14":[4,3],"15":[3,2],"16":[3,2],"17":[3,2],"18":[3,2]}}
,"/home/anon/Documentos/Repositorios/brainz-quiz-backend/src/domain/useCases/userUseCases.ts": {"path":"/home/anon/Documentos/Repositorios/brainz-quiz-backend/src/domain/useCases/userUseCases.ts","statementMap":{"0":{"start":{"line":4,"column":0},"end":{"line":4,"column":66}},"1":{"start":{"line":5,"column":0},"end":{"line":5,"column":68}},"2":{"start":{"line":6,"column":0},"end":{"line":6,"column":73}},"3":{"start":{"line":7,"column":0},"end":{"line":7,"column":77}},"4":{"start":{"line":8,"column":0},"end":{"line":8,"column":105}},"5":{"start":{"line":26,"column":12},"end":{"line":26,"column":43}},"6":{"start":{"line":27,"column":12},"end":{"line":27,"column":49}},"7":{"start":{"line":31,"column":4},"end":{"line":71,"column":5}},"8":{"start":{"line":32,"column":6},"end":{"line":34,"column":7}},"9":{"start":{"line":33,"column":8},"end":{"line":33,"column":72}},"10":{"start":{"line":36,"column":6},"end":{"line":38,"column":7}},"11":{"start":{"line":37,"column":8},"end":{"line":37,"column":51}},"12":{"start":{"line":40,"column":6},"end":{"line":42,"column":7}},"13":{"start":{"line":41,"column":8},"end":{"line":41,"column":98}},"14":{"start":{"line":44,"column":23},"end":{"line":44,"column":73}},"15":{"start":{"line":45,"column":6},"end":{"line":47,"column":7}},"16":{"start":{"line":46,"column":8},"end":{"line":46,"column":84}},"17":{"start":{"line":49,"column":27},"end":{"line":49,"column":79}},"18":{"start":{"line":51,"column":21},"end":{"line":57,"column":8}},"19":{"start":{"line":59,"column":6},"end":{"line":65,"column":8}},"20":{"start":{"line":67,"column":6},"end":{"line":69,"column":7}},"21":{"start":{"line":68,"column":8},"end":{"line":68,"column":20}},"22":{"start":{"line":70,"column":6},"end":{"line":70,"column":38}},"23":{"start":{"line":75,"column":4},"end":{"line":100,"column":5}},"24":{"start":{"line":76,"column":23},"end":{"line":76,"column":67}},"25":{"start":{"line":77,"column":6},"end":{"line":79,"column":7}},"26":{"start":{"line":78,"column":8},"end":{"line":78,"column":66}},"27":{"start":{"line":81,"column":23},"end":{"line":81,"column":68}},"28":{"start":{"line":83,"column":6},"end":{"line":85,"column":7}},"29":{"start":{"line":84,"column":8},"end":{"line":84,"column":50}},"30":{"start":{"line":87,"column":21},"end":{"line":87,"column":81}},"31":{"start":{"line":88,"column":6},"end":{"line":94,"column":8}},"32":{"start":{"line":96,"column":6},"end":{"line":98,"column":7}},"33":{"start":{"line":97,"column":8},"end":{"line":97,"column":20}},"34":{"start":{"line":99,"column":6},"end":{"line":99,"column":38}},"35":{"start":{"line":104,"column":4},"end":{"line":127,"column":5}},"36":{"start":{"line":105,"column":23},"end":{"line":105,"column":67}},"37":{"start":{"line":106,"column":6},"end":{"line":108,"column":7}},"38":{"start":{"line":107,"column":8},"end":{"line":107,"column":66}},"39":{"start":{"line":109,"column":6},"end":{"line":111,"column":7}},"40":{"start":{"line":110,"column":8},"end":{"line":110,"column":72}},"41":{"start":{"line":113,"column":21},"end":{"line":113,"column":71}},"42":{"start":{"line":115,"column":6},"end":{"line":121,"column":8}},"43":{"start":{"line":123,"column":6},"end":{"line":125,"column":7}},"44":{"start":{"line":124,"column":8},"end":{"line":124,"column":20}},"45":{"start":{"line":126,"column":6},"end":{"line":126,"column":38}},"46":{"start":{"line":131,"column":4},"end":{"line":151,"column":5}},"47":{"start":{"line":132,"column":23},"end":{"line":132,"column":67}},"48":{"start":{"line":133,"column":6},"end":{"line":135,"column":7}},"49":{"start":{"line":134,"column":8},"end":{"line":134,"column":66}},"50":{"start":{"line":137,"column":21},"end":{"line":137,"column":75}},"51":{"start":{"line":139,"column":6},"end":{"line":145,"column":8}},"52":{"start":{"line":147,"column":6},"end":{"line":149,"column":7}},"53":{"start":{"line":148,"column":8},"end":{"line":148,"column":20}},"54":{"start":{"line":150,"column":6},"end":{"line":150,"column":38}},"55":{"start":{"line":155,"column":4},"end":{"line":172,"column":5}},"56":{"start":{"line":156,"column":21},"end":{"line":156,"column":63}},"57":{"start":{"line":157,"column":6},"end":{"line":159,"column":7}},"58":{"start":{"line":158,"column":8},"end":{"line":158,"column":66}},"59":{"start":{"line":160,"column":6},"end":{"line":166,"column":8}},"60":{"start":{"line":168,"column":6},"end":{"line":170,"column":7}},"61":{"start":{"line":169,"column":8},"end":{"line":169,"column":20}},"62":{"start":{"line":171,"column":6},"end":{"line":171,"column":38}},"63":{"start":{"line":184,"column":4},"end":{"line":194,"column":5}},"64":{"start":{"line":185,"column":6},"end":{"line":187,"column":7}},"65":{"start":{"line":186,"column":8},"end":{"line":186,"column":17}},"66":{"start":{"line":188,"column":6},"end":{"line":190,"column":7}},"67":{"start":{"line":189,"column":8},"end":{"line":189,"column":17}},"68":{"start":{"line":191,"column":6},"end":{"line":191,"column":70}},"69":{"start":{"line":193,"column":6},"end":{"line":193,"column":38}},"70":{"start":{"line":24,"column":0},"end":{"line":24,"column":13}}},"fnMap":{"0":{"name":"(anonymous_0)","decl":{"start":{"line":25,"column":2},"end":{"line":25,"column":null}},"loc":{"start":{"line":27,"column":49},"end":{"line":28,"column":6}}},"1":{"name":"(anonymous_1)","decl":{"start":{"line":30,"column":9},"end":{"line":30,"column":14}},"loc":{"start":{"line":30,"column":78},"end":{"line":72,"column":3}}},"2":{"name":"(anonymous_2)","decl":{"start":{"line":74,"column":9},"end":{"line":74,"column":14}},"loc":{"start":{"line":74,"column":68},"end":{"line":101,"column":3}}},"3":{"name":"(anonymous_3)","decl":{"start":{"line":103,"column":9},"end":{"line":103,"column":14}},"loc":{"start":{"line":103,"column":68},"end":{"line":128,"column":3}}},"4":{"name":"(anonymous_4)","decl":{"start":{"line":130,"column":9},"end":{"line":130,"column":14}},"loc":{"start":{"line":130,"column":74},"end":{"line":152,"column":3}}},"5":{"name":"(anonymous_5)","decl":{"start":{"line":154,"column":9},"end":{"line":154,"column":14}},"loc":{"start":{"line":154,"column":46},"end":{"line":173,"column":3}}},"6":{"name":"(anonymous_6)","decl":{"start":{"line":175,"column":9},"end":{"line":175,"column":14}},"loc":{"start":{"line":183,"column":3},"end":{"line":195,"column":3}}}},"branchMap":{"0":{"loc":{"start":{"line":32,"column":6},"end":{"line":34,"column":7}},"type":"if","locations":[{"start":{"line":32,"column":6},"end":{"line":34,"column":7}}]},"1":{"loc":{"start":{"line":36,"column":6},"end":{"line":38,"column":7}},"type":"if","locations":[{"start":{"line":36,"column":6},"end":{"line":38,"column":7}}]},"2":{"loc":{"start":{"line":40,"column":6},"end":{"line":42,"column":7}},"type":"if","locations":[{"start":{"line":40,"column":6},"end":{"line":42,"column":7}}]},"3":{"loc":{"start":{"line":45,"column":6},"end":{"line":47,"column":7}},"type":"if","locations":[{"start":{"line":45,"column":6},"end":{"line":47,"column":7}}]},"4":{"loc":{"start":{"line":67,"column":6},"end":{"line":69,"column":7}},"type":"if","locations":[{"start":{"line":67,"column":6},"end":{"line":69,"column":7}}]},"5":{"loc":{"start":{"line":77,"column":6},"end":{"line":79,"column":7}},"type":"if","locations":[{"start":{"line":77,"column":6},"end":{"line":79,"column":7}}]},"6":{"loc":{"start":{"line":83,"column":6},"end":{"line":85,"column":7}},"type":"if","locations":[{"start":{"line":83,"column":6},"end":{"line":85,"column":7}}]},"7":{"loc":{"start":{"line":96,"column":6},"end":{"line":98,"column":7}},"type":"if","locations":[{"start":{"line":96,"column":6},"end":{"line":98,"column":7}}]},"8":{"loc":{"start":{"line":106,"column":6},"end":{"line":108,"column":7}},"type":"if","locations":[{"start":{"line":106,"column":6},"end":{"line":108,"column":7}}]},"9":{"loc":{"start":{"line":109,"column":6},"end":{"line":111,"column":7}},"type":"if","locations":[{"start":{"line":109,"column":6},"end":{"line":111,"column":7}}]},"10":{"loc":{"start":{"line":123,"column":6},"end":{"line":125,"column":7}},"type":"if","locations":[{"start":{"line":123,"column":6},"end":{"line":125,"column":7}}]},"11":{"loc":{"start":{"line":133,"column":6},"end":{"line":135,"column":7}},"type":"if","locations":[{"start":{"line":133,"column":6},"end":{"line":135,"column":7}}]},"12":{"loc":{"start":{"line":147,"column":6},"end":{"line":149,"column":7}},"type":"if","locations":[{"start":{"line":147,"column":6},"end":{"line":149,"column":7}}]},"13":{"loc":{"start":{"line":157,"column":6},"end":{"line":159,"column":7}},"type":"if","locations":[{"start":{"line":157,"column":6},"end":{"line":159,"column":7}}]},"14":{"loc":{"start":{"line":168,"column":6},"end":{"line":170,"column":7}},"type":"if","locations":[{"start":{"line":168,"column":6},"end":{"line":170,"column":7}}]},"15":{"loc":{"start":{"line":185,"column":6},"end":{"line":187,"column":7}},"type":"if","locations":[{"start":{"line":185,"column":6},"end":{"line":187,"column":7}}]},"16":{"loc":{"start":{"line":188,"column":6},"end":{"line":190,"column":7}},"type":"if","locations":[{"start":{"line":188,"column":6},"end":{"line":190,"column":7}}]}},"s":{"0":6,"1":6,"2":6,"3":6,"4":6,"5":6,"6":6,"7":6,"8":6,"9":1,"10":5,"11":1,"12":4,"13":1,"14":3,"15":2,"16":1,"17":1,"18":1,"19":1,"20":5,"21":4,"22":1,"23":4,"24":4,"25":4,"26":1,"27":3,"28":3,"29":1,"30":2,"31":1,"32":3,"33":2,"34":1,"35":4,"36":4,"37":4,"38":1,"39":3,"40":1,"41":2,"42":1,"43":3,"44":2,"45":1,"46":3,"47":3,"48":3,"49":1,"50":2,"51":1,"52":2,"53":1,"54":1,"55":3,"56":3,"57":2,"58":1,"59":1,"60":2,"61":1,"62":1,"63":3,"64":3,"65":1,"66":3,"67":1,"68":3,"69":1,"70":6},"f":{"0":6,"1":6,"2":4,"3":4,"4":3,"5":3,"6":3},"b":{"0":[1],"1":[1],"2":[1],"3":[1],"4":[4],"5":[1],"6":[1],"7":[2],"8":[1],"9":[1],"10":[2],"11":[1],"12":[1],"13":[1],"14":[1],"15":[1],"16":[1]}}
,"/home/anon/Documentos/Repositorios/brainz-quiz-backend/src/domain/util/constraints/emailValidator.ts": {"path":"/home/anon/Documentos/Repositorios/brainz-quiz-backend/src/domain/util/constraints/emailValidator.ts","statementMap":{"0":{"start":{"line":2,"column":21},"end":{"line":2,"column":49}},"1":{"start":{"line":3,"column":2},"end":{"line":3,"column":32}},"2":{"start":{"line":1,"column":0},"end":{"line":1,"column":16}}},"fnMap":{"0":{"name":"isValidEmail","decl":{"start":{"line":1,"column":16},"end":{"line":1,"column":28}},"loc":{"start":{"line":1,"column":57},"end":{"line":4,"column":1}}}},"branchMap":{},"s":{"0":7,"1":7,"2":7},"f":{"0":7},"b":{}}
,"/home/anon/Documentos/Repositorios/brainz-quiz-backend/src/domain/util/constraints/notEmptyValidation.ts": {"path":"/home/anon/Documentos/Repositorios/brainz-quiz-backend/src/domain/util/constraints/notEmptyValidation.ts","statementMap":{"0":{"start":{"line":2,"column":2},"end":{"line":4,"column":3}},"1":{"start":{"line":3,"column":4},"end":{"line":3,"column":17}},"2":{"start":{"line":5,"column":2},"end":{"line":5,"column":14}},"3":{"start":{"line":1,"column":0},"end":{"line":1,"column":16}}},"fnMap":{"0":{"name":"isNotEmpty","decl":{"start":{"line":1,"column":16},"end":{"line":1,"column":26}},"loc":{"start":{"line":1,"column":55},"end":{"line":6,"column":1}}}},"branchMap":{"0":{"loc":{"start":{"line":2,"column":2},"end":{"line":4,"column":3}},"type":"if","locations":[{"start":{"line":2,"column":2},"end":{"line":4,"column":3}}]},"1":{"loc":{"start":{"line":2,"column":6},"end":{"line":2,"column":35}},"type":"binary-expr","locations":[{"start":{"line":2,"column":6},"end":{"line":2,"column":12}},{"start":{"line":2,"column":16},"end":{"line":2,"column":35}}]}},"s":{"0":11,"1":3,"2":8,"3":7},"f":{"0":11},"b":{"0":[3],"1":[11,8]}}
,"/home/anon/Documentos/Repositorios/brainz-quiz-backend/src/domain/util/constraints/passwordValidation.ts": {"path":"/home/anon/Documentos/Repositorios/brainz-quiz-backend/src/domain/util/constraints/passwordValidation.ts","statementMap":{"0":{"start":{"line":2,"column":2},"end":{"line":4,"column":3}},"1":{"start":{"line":3,"column":4},"end":{"line":3,"column":17}},"2":{"start":{"line":5,"column":2},"end":{"line":5,"column":14}},"3":{"start":{"line":1,"column":0},"end":{"line":1,"column":16}}},"fnMap":{"0":{"name":"isValidPassword","decl":{"start":{"line":1,"column":16},"end":{"line":1,"column":31}},"loc":{"start":{"line":1,"column":66},"end":{"line":6,"column":1}}}},"branchMap":{"0":{"loc":{"start":{"line":2,"column":2},"end":{"line":4,"column":3}},"type":"if","locations":[{"start":{"line":2,"column":2},"end":{"line":4,"column":3}}]},"1":{"loc":{"start":{"line":2,"column":6},"end":{"line":2,"column":64}},"type":"binary-expr","locations":[{"start":{"line":2,"column":6},"end":{"line":2,"column":15}},{"start":{"line":2,"column":19},"end":{"line":2,"column":41}},{"start":{"line":2,"column":45},"end":{"line":2,"column":64}}]}},"s":{"0":6,"1":2,"2":4,"3":7},"f":{"0":6},"b":{"0":[2],"1":[6,5,5]}}
,"/home/anon/Documentos/Repositorios/brainz-quiz-backend/src/domain/util/constraints/roleValidation.ts": {"path":"/home/anon/Documentos/Repositorios/brainz-quiz-backend/src/domain/util/constraints/roleValidation.ts","statementMap":{"0":{"start":{"line":1,"column":0},"end":{"line":1,"column":53}},"1":{"start":{"line":4,"column":2},"end":{"line":8,"column":3}},"2":{"start":{"line":5,"column":4},"end":{"line":7,"column":5}},"3":{"start":{"line":6,"column":6},"end":{"line":6,"column":30}},"4":{"start":{"line":9,"column":2},"end":{"line":9,"column":19}},"5":{"start":{"line":3,"column":0},"end":{"line":3,"column":16}}},"fnMap":{"0":{"name":"convertStringToRoleEnum","decl":{"start":{"line":3,"column":16},"end":{"line":3,"column":39}},"loc":{"start":{"line":3,"column":78},"end":{"line":10,"column":1}}}},"branchMap":{"0":{"loc":{"start":{"line":5,"column":4},"end":{"line":7,"column":5}},"type":"if","locations":[{"start":{"line":5,"column":4},"end":{"line":7,"column":5}}]}},"s":{"0":7,"1":9,"2":16,"3":5,"4":4,"5":7},"f":{"0":9},"b":{"0":[5]}}
}
