TN:
SF:src/domain/entities/user.ts
FN:7,(anonymous_2)
FN:26,(anonymous_3)
FN:33,(anonymous_4)
FN:37,(anonymous_5)
FN:41,(anonymous_6)
FN:45,(anonymous_7)
FN:49,(anonymous_8)
FN:53,(anonymous_9)
FN:57,(anonymous_10)
FN:61,(anonymous_11)
FN:65,(anonymous_12)
FN:74,(anonymous_13)
FNF:12
FNH:12
FNDA:18,(anonymous_2)
FNDA:13,(anonymous_3)
FNDA:1,(anonymous_4)
FNDA:10,(anonymous_5)
FNDA:1,(anonymous_6)
FNDA:10,(anonymous_7)
FNDA:3,(anonymous_8)
FNDA:6,(anonymous_9)
FNDA:3,(anonymous_10)
FNDA:10,(anonymous_11)
FNDA:4,(anonymous_12)
FNDA:4,(anonymous_13)
DA:1,18
DA:2,18
DA:3,18
DA:4,18
DA:7,18
DA:8,18
DA:9,18
DA:10,18
DA:13,18
DA:15,18
DA:18,18
DA:21,18
DA:24,18
DA:27,13
DA:28,11
DA:29,10
DA:30,9
DA:34,1
DA:38,10
DA:42,1
DA:46,10
DA:50,3
DA:54,6
DA:58,3
DA:62,10
DA:66,4
DA:75,4
LF:27
LH:27
BRDA:7,0,0,18
BRDA:7,0,1,18
BRF:2
BRH:2
end_of_record
TN:
SF:src/domain/interfaces/controllers/userControllers.ts
FN:26,(anonymous_0)
FN:30,(anonymous_1)
FN:46,(anonymous_2)
FN:62,(anonymous_3)
FN:76,(anonymous_4)
FN:91,(anonymous_5)
FN:102,(anonymous_6)
FN:119,(anonymous_7)
FN:134,(anonymous_8)
FNF:9
FNH:9
FNDA:8,(anonymous_0)
FNDA:4,(anonymous_1)
FNDA:4,(anonymous_2)
FNDA:4,(anonymous_3)
FNDA:4,(anonymous_4)
FNDA:4,(anonymous_5)
FNDA:4,(anonymous_6)
FNDA:4,(anonymous_7)
FNDA:4,(anonymous_8)
DA:1,8
DA:12,8
DA:25,8
DA:26,8
DA:27,8
DA:31,4
DA:32,4
DA:33,4
DA:39,4
DA:40,1
DA:42,3
DA:47,4
DA:48,4
DA:49,4
DA:55,4
DA:56,1
DA:58,3
DA:63,4
DA:64,4
DA:65,4
DA:69,4
DA:70,1
DA:72,3
DA:77,4
DA:78,4
DA:79,4
DA:84,4
DA:85,1
DA:87,3
DA:92,4
DA:93,4
DA:94,4
DA:95,4
DA:96,1
DA:98,3
DA:103,4
DA:104,4
DA:105,4
DA:111,4
DA:113,1
DA:115,3
DA:120,4
DA:121,4
DA:122,4
DA:126,4
DA:128,1
DA:130,3
DA:135,4
DA:136,4
DA:137,4
DA:142,4
DA:144,1
DA:146,3
LF:53
LH:53
BRDA:34,0,0,4
BRDA:34,0,1,1
BRDA:35,1,0,4
BRDA:35,1,1,1
BRDA:36,2,0,4
BRDA:36,2,1,1
BRDA:50,3,0,4
BRDA:50,3,1,1
BRDA:51,4,0,4
BRDA:51,4,1,1
BRDA:52,5,0,4
BRDA:52,5,1,1
BRDA:66,6,0,4
BRDA:66,6,1,1
BRDA:67,7,0,4
BRDA:67,7,1,1
BRDA:80,8,0,4
BRDA:80,8,1,1
BRDA:81,9,0,4
BRDA:81,9,1,1
BRDA:82,10,0,4
BRDA:82,10,1,1
BRDA:93,11,0,4
BRDA:93,11,1,1
BRDA:104,12,0,4
BRDA:104,12,1,1
BRDA:106,13,0,4
BRDA:106,13,1,1
BRDA:107,14,0,4
BRDA:107,14,1,1
BRDA:108,15,0,4
BRDA:108,15,1,1
BRDA:121,16,0,4
BRDA:121,16,1,1
BRDA:123,17,0,4
BRDA:123,17,1,1
BRDA:138,18,0,4
BRDA:138,18,1,1
BRDA:139,19,0,4
BRDA:139,19,1,1
BRF:40
BRH:40
end_of_record
TN:
SF:src/domain/useCases/userUseCases.ts
FN:43,(anonymous_0)
FN:53,(anonymous_1)
FN:78,(anonymous_2)
FN:96,(anonymous_3)
FN:104,(anonymous_4)
FN:110,(anonymous_5)
FN:118,(anonymous_6)
FN:124,(anonymous_7)
FN:135,(anonymous_8)
FN:157,(anonymous_9)
FN:167,(anonymous_10)
FNF:11
FNH:11
FNDA:8,(anonymous_0)
FNDA:4,(anonymous_1)
FNDA:4,(anonymous_2)
FNDA:3,(anonymous_3)
FNDA:1,(anonymous_4)
FNDA:6,(anonymous_5)
FNDA:3,(anonymous_6)
FNDA:3,(anonymous_7)
FNDA:3,(anonymous_8)
FNDA:3,(anonymous_9)
FNDA:4,(anonymous_10)
DA:1,16
DA:5,16
DA:6,16
DA:22,16
DA:23,16
DA:24,16
DA:25,16
DA:26,16
DA:27,16
DA:29,16
DA:42,16
DA:44,8
DA:45,8
DA:46,8
DA:47,8
DA:48,8
DA:50,8
DA:54,4
DA:55,4
DA:56,1
DA:59,3
DA:60,2
DA:61,1
DA:64,1
DA:66,1
DA:68,1
DA:70,1
DA:72,1
DA:74,3
DA:79,4
DA:80,4
DA:81,3
DA:82,1
DA:85,2
DA:86,2
DA:88,1
DA:90,1
DA:92,3
DA:97,3
DA:98,3
DA:99,2
DA:100,1
DA:104,1
DA:106,2
DA:111,6
DA:112,6
DA:113,5
DA:114,2
DA:118,3
DA:120,3
DA:125,3
DA:126,3
DA:127,1
DA:129,2
DA:131,2
DA:136,3
DA:137,3
DA:138,3
DA:139,1
DA:142,2
DA:146,2
DA:147,1
DA:151,1
DA:153,2
DA:158,3
DA:159,3
DA:160,2
DA:161,2
DA:163,2
DA:168,4
DA:169,4
DA:170,1
DA:173,3
DA:175,3
DA:177,3
DA:178,1
DA:181,2
DA:182,1
DA:185,1
DA:186,1
DA:188,1
DA:190,1
DA:192,3
LF:83
LH:83
BRDA:55,0,0,1
BRDA:60,1,0,1
BRDA:81,2,0,1
BRDA:99,3,0,1
BRDA:113,4,0,2
BRDA:126,5,0,1
BRDA:126,6,0,3
BRDA:126,6,1,2
BRDA:126,6,2,2
BRDA:138,7,0,1
BRDA:146,8,0,1
BRDA:169,9,0,1
BRDA:177,10,0,1
BRDA:181,11,0,1
BRF:14
BRH:14
end_of_record
TN:
SF:src/domain/useCases/__test__/userUseCasesTest/testConstantsUserUseCases.ts
FNF:0
FNH:0
DA:1,16
DA:6,16
DA:7,16
DA:8,16
DA:9,16
DA:10,16
DA:11,16
DA:16,16
DA:17,16
DA:18,16
DA:19,16
DA:24,16
DA:30,16
DA:35,16
DA:42,16
DA:47,16
DA:52,16
LF:17
LH:17
BRF:0
BRH:0
end_of_record
TN:
SF:src/domain/util/constraints/emailValidator.ts
FN:5,Email
FN:6,(anonymous_1)
FN:9,(anonymous_2)
FN:10,(anonymous_3)
FN:25,isValidEmail
FNF:5
FNH:5
FNDA:18,Email
FNDA:18,(anonymous_1)
FNDA:10,(anonymous_2)
FNDA:12,(anonymous_3)
FNDA:14,isValidEmail
DA:1,19
DA:3,19
DA:5,19
DA:6,18
DA:7,18
DA:9,18
DA:10,18
DA:11,12
DA:12,1
DA:14,11
DA:17,18
DA:25,19
DA:26,14
DA:27,14
LF:14
LH:14
BRDA:11,0,0,1
BRF:1
BRH:1
end_of_record
TN:
SF:src/domain/util/constraints/enumValidation.ts
FN:5,EnumType
FN:6,(anonymous_1)
FN:10,(anonymous_2)
FN:11,(anonymous_3)
FN:26,isValidEnumValue
FNF:5
FNH:5
FNDA:18,EnumType
FNDA:18,(anonymous_1)
FNDA:10,(anonymous_2)
FNDA:12,(anonymous_3)
FNDA:14,isValidEnumValue
DA:1,18
DA:3,18
DA:5,18
DA:6,18
DA:7,18
DA:8,18
DA:10,18
DA:11,18
DA:12,12
DA:13,2
DA:15,10
DA:18,18
DA:26,18
DA:27,14
DA:28,14
LF:15
LH:15
BRDA:12,0,0,2
BRF:1
BRH:1
end_of_record
TN:
SF:src/domain/util/constraints/index.ts
FNF:0
FNH:0
DA:1,2
DA:2,2
DA:3,2
DA:4,2
LF:4
LH:4
BRF:0
BRH:0
end_of_record
TN:
SF:src/domain/util/constraints/passwordValidation.ts
FN:5,Password
FN:6,(anonymous_1)
FN:9,(anonymous_2)
FN:10,(anonymous_3)
FN:25,isValidPassword
FNF:5
FNH:5
FNDA:18,Password
FNDA:18,(anonymous_1)
FNDA:6,(anonymous_2)
FNDA:13,(anonymous_3)
FNDA:15,isValidPassword
DA:1,19
DA:3,19
DA:5,19
DA:6,18
DA:7,18
DA:9,18
DA:10,18
DA:11,13
DA:12,1
DA:14,12
DA:17,18
DA:25,19
DA:26,15
DA:27,2
DA:29,13
LF:15
LH:15
BRDA:11,0,0,1
BRDA:26,1,0,2
BRDA:26,2,0,15
BRDA:26,2,1,14
BRDA:26,2,2,14
BRF:5
BRH:5
end_of_record
TN:
SF:src/domain/util/constraints/uuidValidator.ts
FN:5,Uuid
FN:6,(anonymous_1)
FN:10,(anonymous_2)
FN:11,(anonymous_3)
FN:43,isValidUuid
FNF:5
FNH:5
FNDA:18,Uuid
FNDA:18,(anonymous_1)
FNDA:10,(anonymous_2)
FNDA:14,(anonymous_3)
FNDA:14,isValidUuid
DA:1,18
DA:3,18
DA:5,18
DA:6,18
DA:7,18
DA:8,18
DA:10,18
DA:11,18
DA:12,14
DA:13,2
DA:15,12
DA:18,18
DA:43,18
DA:44,14
DA:45,14
LF:15
LH:15
BRDA:12,0,0,2
BRF:1
BRH:1
end_of_record
