TN:
SF:src/domain/entities/auth/user.ts
FN:6,(anonymous_2)
FN:36,(anonymous_3)
FN:43,(anonymous_4)
FN:47,(anonymous_5)
FN:51,(anonymous_6)
FN:55,(anonymous_7)
FN:59,(anonymous_8)
FN:63,(anonymous_9)
FN:67,(anonymous_10)
FN:71,(anonymous_11)
FN:75,(anonymous_12)
FN:84,(anonymous_13)
FNF:12
FNH:12
FNDA:8,(anonymous_2)
FNDA:13,(anonymous_3)
FNDA:1,(anonymous_4)
FNDA:10,(anonymous_5)
FNDA:1,(anonymous_6)
FNDA:10,(anonymous_7)
FNDA:3,(anonymous_8)
FNDA:6,(anonymous_9)
FNDA:3,(anonymous_10)
FNDA:10,(anonymous_11)
FNDA:4,(anonymous_12)
FNDA:4,(anonymous_13)
DA:1,8
DA:2,8
DA:3,8
DA:4,8
DA:6,8
DA:7,8
DA:8,8
DA:9,8
DA:23,8
DA:25,8
DA:28,8
DA:31,8
DA:34,8
DA:37,13
DA:38,11
DA:39,10
DA:40,9
DA:44,1
DA:48,10
DA:52,1
DA:56,10
DA:60,3
DA:64,6
DA:68,3
DA:72,10
DA:76,4
DA:85,4
LF:27
LH:27
BRDA:6,0,0,8
BRDA:6,0,1,8
BRF:2
BRH:2
end_of_record
TN:
SF:src/domain/useCases/__test__/userUseCasesTest/testConstantsUserUseCases.ts
FNF:0
FNH:0
DA:1,6
DA:6,6
DA:7,6
DA:8,6
DA:9,6
DA:10,6
DA:15,6
DA:16,6
DA:17,6
DA:18,6
DA:23,6
DA:29,6
DA:35,6
DA:40,6
DA:45,6
DA:50,6
LF:16
LH:16
BRF:0
BRH:0
end_of_record
TN:
SF:src/domain/useCases/auth/userUseCases.ts
FN:21,(anonymous_0)
FN:29,(anonymous_1)
FN:50,(anonymous_2)
FN:68,(anonymous_3)
FN:86,(anonymous_4)
FN:99,(anonymous_5)
FN:112,(anonymous_6)
FNF:7
FNH:7
FNDA:6,(anonymous_0)
FNDA:3,(anonymous_1)
FNDA:4,(anonymous_2)
FNDA:3,(anonymous_3)
FNDA:3,(anonymous_4)
FNDA:3,(anonymous_5)
FNDA:2,(anonymous_6)
DA:1,6
DA:5,6
DA:6,6
DA:8,6
DA:9,6
DA:20,6
DA:22,6
DA:23,6
DA:24,6
DA:26,6
DA:30,3
DA:31,3
DA:32,2
DA:33,1
DA:36,1
DA:38,1
DA:40,1
DA:42,1
DA:44,1
DA:46,2
DA:51,4
DA:52,4
DA:53,3
DA:54,1
DA:57,2
DA:58,2
DA:60,1
DA:62,1
DA:64,3
DA:69,3
DA:70,3
DA:71,2
DA:72,1
DA:75,1
DA:76,1
DA:78,1
DA:80,1
DA:82,2
DA:87,3
DA:88,3
DA:89,2
DA:90,1
DA:93,1
DA:95,2
DA:100,3
DA:101,3
DA:102,2
DA:103,1
DA:106,1
DA:108,2
DA:113,2
DA:114,2
DA:116,1
LF:53
LH:53
BRDA:32,0,0,1
BRDA:53,1,0,1
BRDA:71,2,0,1
BRDA:89,3,0,1
BRDA:102,4,0,1
BRF:5
BRH:5
end_of_record
TN:
SF:src/domain/util/constraints/emailValidator.ts
FN:5,Email
FN:6,(anonymous_1)
FN:9,(anonymous_2)
FN:10,(anonymous_3)
FN:25,isValidEmail
FNF:5
FNH:5
FNDA:8,Email
FNDA:8,(anonymous_1)
FNDA:10,(anonymous_2)
FNDA:12,(anonymous_3)
FNDA:14,isValidEmail
DA:1,9
DA:3,9
DA:5,9
DA:6,8
DA:7,8
DA:9,10
DA:10,8
DA:11,12
DA:12,1
DA:14,11
DA:17,8
DA:25,9
DA:26,14
DA:27,14
LF:14
LH:14
BRDA:11,0,0,1
BRF:1
BRH:1
end_of_record
TN:
SF:src/domain/util/constraints/enumValidation.ts
FN:5,EnumType
FN:6,(anonymous_1)
FN:10,(anonymous_2)
FN:11,(anonymous_3)
FN:26,isValidEnumValue
FNF:5
FNH:5
FNDA:8,EnumType
FNDA:8,(anonymous_1)
FNDA:10,(anonymous_2)
FNDA:12,(anonymous_3)
FNDA:14,isValidEnumValue
DA:1,8
DA:3,8
DA:5,8
DA:6,8
DA:7,8
DA:8,8
DA:10,10
DA:11,8
DA:12,12
DA:13,2
DA:15,10
DA:18,8
DA:26,8
DA:27,14
DA:28,14
LF:15
LH:15
BRDA:12,0,0,2
BRF:1
BRH:1
end_of_record
TN:
SF:src/domain/util/constraints/index.ts
FNF:0
FNH:0
DA:1,2
DA:2,2
DA:3,2
DA:4,2
LF:4
LH:4
BRF:0
BRH:0
end_of_record
TN:
SF:src/domain/util/constraints/passwordValidation.ts
FN:5,Password
FN:6,(anonymous_1)
FN:9,(anonymous_2)
FN:10,(anonymous_3)
FN:25,isValidPassword
FNF:5
FNH:5
FNDA:8,Password
FNDA:8,(anonymous_1)
FNDA:6,(anonymous_2)
FNDA:13,(anonymous_3)
FNDA:15,isValidPassword
DA:1,9
DA:3,9
DA:5,9
DA:6,8
DA:7,8
DA:9,8
DA:10,8
DA:11,13
DA:12,1
DA:14,12
DA:17,8
DA:25,9
DA:26,15
DA:27,2
DA:29,13
LF:15
LH:15
BRDA:11,0,0,1
BRDA:26,1,0,2
BRDA:26,2,0,15
BRDA:26,2,1,14
BRDA:26,2,2,14
BRF:5
BRH:5
end_of_record
TN:
SF:src/domain/util/constraints/uuidValidator.ts
FN:5,Uuid
FN:6,(anonymous_1)
FN:10,(anonymous_2)
FN:11,(anonymous_3)
FN:43,isValidUuid
FNF:5
FNH:5
FNDA:8,Uuid
FNDA:8,(anonymous_1)
FNDA:10,(anonymous_2)
FNDA:14,(anonymous_3)
FNDA:14,isValidUuid
DA:1,8
DA:3,8
DA:5,8
DA:6,8
DA:7,8
DA:8,8
DA:10,10
DA:11,8
DA:12,14
DA:13,2
DA:15,12
DA:18,8
DA:43,8
DA:44,14
DA:45,14
LF:15
LH:15
BRDA:12,0,0,2
BRF:1
BRH:1
end_of_record
